16:51:23 **** Build of configuration Debug for project Stopky ****
make -j4 all 
arm-none-eabi-gcc "../Drivers/STM32F0xx_HAL_Driver/Src/stm32f0xx_hal.c" -mcpu=cortex-m0 -std=gnu11 -g3 -DDEBUG -DUSE_HAL_DRIVER -DSTM32F030x8 -c -I../Core/Inc -I../Drivers/STM32F0xx_HAL_Driver/Inc -I../Drivers/STM32F0xx_HAL_Driver/Inc/Legacy -I../Drivers/CMSIS/Device/ST/STM32F0xx/Include -I../Drivers/CMSIS/Include -O0 -ffunction-sections -fdata-sections -Wall -fstack-usage -fcyclomatic-complexity -MMD -MP -MF"Drivers/STM32F0xx_HAL_Driver/Src/stm32f0xx_hal.d" -MT"Drivers/STM32F0xx_HAL_Driver/Src/stm32f0xx_hal.o" --specs=nano.specs -mfloat-abi=soft -mthumb -o "Drivers/STM32F0xx_HAL_Driver/Src/stm32f0xx_hal.o"
arm-none-eabi-gcc "../Drivers/STM32F0xx_HAL_Driver/Src/stm32f0xx_hal_cortex.c" -mcpu=cortex-m0 -std=gnu11 -g3 -DDEBUG -DUSE_HAL_DRIVER -DSTM32F030x8 -c -I../Core/Inc -I../Drivers/STM32F0xx_HAL_Driver/Inc -I../Drivers/STM32F0xx_HAL_Driver/Inc/Legacy -I../Drivers/CMSIS/Device/ST/STM32F0xx/Include -I../Drivers/CMSIS/Include -O0 -ffunction-sections -fdata-sections -Wall -fstack-usage -fcyclomatic-complexity -MMD -MP -MF"Drivers/STM32F0xx_HAL_Driver/Src/stm32f0xx_hal_cortex.d" -MT"Drivers/STM32F0xx_HAL_Driver/Src/stm32f0xx_hal_cortex.o" --specs=nano.specs -mfloat-abi=soft -mthumb -o "Drivers/STM32F0xx_HAL_Driver/Src/stm32f0xx_hal_cortex.o"
arm-none-eabi-gcc "../Drivers/STM32F0xx_HAL_Driver/Src/stm32f0xx_hal_dma.c" -mcpu=cortex-m0 -std=gnu11 -g3 -DDEBUG -DUSE_HAL_DRIVER -DSTM32F030x8 -c -I../Core/Inc -I../Drivers/STM32F0xx_HAL_Driver/Inc -I../Drivers/STM32F0xx_HAL_Driver/Inc/Legacy -I../Drivers/CMSIS/Device/ST/STM32F0xx/Include -I../Drivers/CMSIS/Include -O0 -ffunction-sections -fdata-sections -Wall -fstack-usage -fcyclomatic-complexity -MMD -MP -MF"Drivers/STM32F0xx_HAL_Driver/Src/stm32f0xx_hal_dma.d" -MT"Drivers/STM32F0xx_HAL_Driver/Src/stm32f0xx_hal_dma.o" --specs=nano.specs -mfloat-abi=soft -mthumb -o "Drivers/STM32F0xx_HAL_Driver/Src/stm32f0xx_hal_dma.o"
arm-none-eabi-gcc "../Drivers/STM32F0xx_HAL_Driver/Src/stm32f0xx_hal_exti.c" -mcpu=cortex-m0 -std=gnu11 -g3 -DDEBUG -DUSE_HAL_DRIVER -DSTM32F030x8 -c -I../Core/Inc -I../Drivers/STM32F0xx_HAL_Driver/Inc -I../Drivers/STM32F0xx_HAL_Driver/Inc/Legacy -I../Drivers/CMSIS/Device/ST/STM32F0xx/Include -I../Drivers/CMSIS/Include -O0 -ffunction-sections -fdata-sections -Wall -fstack-usage -fcyclomatic-complexity -MMD -MP -MF"Drivers/STM32F0xx_HAL_Driver/Src/stm32f0xx_hal_exti.d" -MT"Drivers/STM32F0xx_HAL_Driver/Src/stm32f0xx_hal_exti.o" --specs=nano.specs -mfloat-abi=soft -mthumb -o "Drivers/STM32F0xx_HAL_Driver/Src/stm32f0xx_hal_exti.o"
arm-none-eabi-gcc "../Drivers/STM32F0xx_HAL_Driver/Src/stm32f0xx_hal_flash.c" -mcpu=cortex-m0 -std=gnu11 -g3 -DDEBUG -DUSE_HAL_DRIVER -DSTM32F030x8 -c -I../Core/Inc -I../Drivers/STM32F0xx_HAL_Driver/Inc -I../Drivers/STM32F0xx_HAL_Driver/Inc/Legacy -I../Drivers/CMSIS/Device/ST/STM32F0xx/Include -I../Drivers/CMSIS/Include -O0 -ffunction-sections -fdata-sections -Wall -fstack-usage -fcyclomatic-complexity -MMD -MP -MF"Drivers/STM32F0xx_HAL_Driver/Src/stm32f0xx_hal_flash.d" -MT"Drivers/STM32F0xx_HAL_Driver/Src/stm32f0xx_hal_flash.o" --specs=nano.specs -mfloat-abi=soft -mthumb -o "Drivers/STM32F0xx_HAL_Driver/Src/stm32f0xx_hal_flash.o"
arm-none-eabi-gcc "../Drivers/STM32F0xx_HAL_Driver/Src/stm32f0xx_hal_flash_ex.c" -mcpu=cortex-m0 -std=gnu11 -g3 -DDEBUG -DUSE_HAL_DRIVER -DSTM32F030x8 -c -I../Core/Inc -I../Drivers/STM32F0xx_HAL_Driver/Inc -I../Drivers/STM32F0xx_HAL_Driver/Inc/Legacy -I../Drivers/CMSIS/Device/ST/STM32F0xx/Include -I../Drivers/CMSIS/Include -O0 -ffunction-sections -fdata-sections -Wall -fstack-usage -fcyclomatic-complexity -MMD -MP -MF"Drivers/STM32F0xx_HAL_Driver/Src/stm32f0xx_hal_flash_ex.d" -MT"Drivers/STM32F0xx_HAL_Driver/Src/stm32f0xx_hal_flash_ex.o" --specs=nano.specs -mfloat-abi=soft -mthumb -o "Drivers/STM32F0xx_HAL_Driver/Src/stm32f0xx_hal_flash_ex.o"
arm-none-eabi-gcc "../Drivers/STM32F0xx_HAL_Driver/Src/stm32f0xx_hal_gpio.c" -mcpu=cortex-m0 -std=gnu11 -g3 -DDEBUG -DUSE_HAL_DRIVER -DSTM32F030x8 -c -I../Core/Inc -I../Drivers/STM32F0xx_HAL_Driver/Inc -I../Drivers/STM32F0xx_HAL_Driver/Inc/Legacy -I../Drivers/CMSIS/Device/ST/STM32F0xx/Include -I../Drivers/CMSIS/Include -O0 -ffunction-sections -fdata-sections -Wall -fstack-usage -fcyclomatic-complexity -MMD -MP -MF"Drivers/STM32F0xx_HAL_Driver/Src/stm32f0xx_hal_gpio.d" -MT"Drivers/STM32F0xx_HAL_Driver/Src/stm32f0xx_hal_gpio.o" --specs=nano.specs -mfloat-abi=soft -mthumb -o "Drivers/STM32F0xx_HAL_Driver/Src/stm32f0xx_hal_gpio.o"
arm-none-eabi-gcc "../Drivers/STM32F0xx_HAL_Driver/Src/stm32f0xx_hal_i2c.c" -mcpu=cortex-m0 -std=gnu11 -g3 -DDEBUG -DUSE_HAL_DRIVER -DSTM32F030x8 -c -I../Core/Inc -I../Drivers/STM32F0xx_HAL_Driver/Inc -I../Drivers/STM32F0xx_HAL_Driver/Inc/Legacy -I../Drivers/CMSIS/Device/ST/STM32F0xx/Include -I../Drivers/CMSIS/Include -O0 -ffunction-sections -fdata-sections -Wall -fstack-usage -fcyclomatic-complexity -MMD -MP -MF"Drivers/STM32F0xx_HAL_Driver/Src/stm32f0xx_hal_i2c.d" -MT"Drivers/STM32F0xx_HAL_Driver/Src/stm32f0xx_hal_i2c.o" --specs=nano.specs -mfloat-abi=soft -mthumb -o "Drivers/STM32F0xx_HAL_Driver/Src/stm32f0xx_hal_i2c.o"
arm-none-eabi-gcc "../Drivers/STM32F0xx_HAL_Driver/Src/stm32f0xx_hal_i2c_ex.c" -mcpu=cortex-m0 -std=gnu11 -g3 -DDEBUG -DUSE_HAL_DRIVER -DSTM32F030x8 -c -I../Core/Inc -I../Drivers/STM32F0xx_HAL_Driver/Inc -I../Drivers/STM32F0xx_HAL_Driver/Inc/Legacy -I../Drivers/CMSIS/Device/ST/STM32F0xx/Include -I../Drivers/CMSIS/Include -O0 -ffunction-sections -fdata-sections -Wall -fstack-usage -fcyclomatic-complexity -MMD -MP -MF"Drivers/STM32F0xx_HAL_Driver/Src/stm32f0xx_hal_i2c_ex.d" -MT"Drivers/STM32F0xx_HAL_Driver/Src/stm32f0xx_hal_i2c_ex.o" --specs=nano.specs -mfloat-abi=soft -mthumb -o "Drivers/STM32F0xx_HAL_Driver/Src/stm32f0xx_hal_i2c_ex.o"
arm-none-eabi-gcc "../Drivers/STM32F0xx_HAL_Driver/Src/stm32f0xx_hal_pwr.c" -mcpu=cortex-m0 -std=gnu11 -g3 -DDEBUG -DUSE_HAL_DRIVER -DSTM32F030x8 -c -I../Core/Inc -I../Drivers/STM32F0xx_HAL_Driver/Inc -I../Drivers/STM32F0xx_HAL_Driver/Inc/Legacy -I../Drivers/CMSIS/Device/ST/STM32F0xx/Include -I../Drivers/CMSIS/Include -O0 -ffunction-sections -fdata-sections -Wall -fstack-usage -fcyclomatic-complexity -MMD -MP -MF"Drivers/STM32F0xx_HAL_Driver/Src/stm32f0xx_hal_pwr.d" -MT"Drivers/STM32F0xx_HAL_Driver/Src/stm32f0xx_hal_pwr.o" --specs=nano.specs -mfloat-abi=soft -mthumb -o "Drivers/STM32F0xx_HAL_Driver/Src/stm32f0xx_hal_pwr.o"
arm-none-eabi-gcc "../Drivers/STM32F0xx_HAL_Driver/Src/stm32f0xx_hal_pwr_ex.c" -mcpu=cortex-m0 -std=gnu11 -g3 -DDEBUG -DUSE_HAL_DRIVER -DSTM32F030x8 -c -I../Core/Inc -I../Drivers/STM32F0xx_HAL_Driver/Inc -I../Drivers/STM32F0xx_HAL_Driver/Inc/Legacy -I../Drivers/CMSIS/Device/ST/STM32F0xx/Include -I../Drivers/CMSIS/Include -O0 -ffunction-sections -fdata-sections -Wall -fstack-usage -fcyclomatic-complexity -MMD -MP -MF"Drivers/STM32F0xx_HAL_Driver/Src/stm32f0xx_hal_pwr_ex.d" -MT"Drivers/STM32F0xx_HAL_Driver/Src/stm32f0xx_hal_pwr_ex.o" --specs=nano.specs -mfloat-abi=soft -mthumb -o "Drivers/STM32F0xx_HAL_Driver/Src/stm32f0xx_hal_pwr_ex.o"
arm-none-eabi-gcc "../Drivers/STM32F0xx_HAL_Driver/Src/stm32f0xx_hal_rcc.c" -mcpu=cortex-m0 -std=gnu11 -g3 -DDEBUG -DUSE_HAL_DRIVER -DSTM32F030x8 -c -I../Core/Inc -I../Drivers/STM32F0xx_HAL_Driver/Inc -I../Drivers/STM32F0xx_HAL_Driver/Inc/Legacy -I../Drivers/CMSIS/Device/ST/STM32F0xx/Include -I../Drivers/CMSIS/Include -O0 -ffunction-sections -fdata-sections -Wall -fstack-usage -fcyclomatic-complexity -MMD -MP -MF"Drivers/STM32F0xx_HAL_Driver/Src/stm32f0xx_hal_rcc.d" -MT"Drivers/STM32F0xx_HAL_Driver/Src/stm32f0xx_hal_rcc.o" --specs=nano.specs -mfloat-abi=soft -mthumb -o "Drivers/STM32F0xx_HAL_Driver/Src/stm32f0xx_hal_rcc.o"
arm-none-eabi-gcc "../Drivers/STM32F0xx_HAL_Driver/Src/stm32f0xx_hal_rcc_ex.c" -mcpu=cortex-m0 -std=gnu11 -g3 -DDEBUG -DUSE_HAL_DRIVER -DSTM32F030x8 -c -I../Core/Inc -I../Drivers/STM32F0xx_HAL_Driver/Inc -I../Drivers/STM32F0xx_HAL_Driver/Inc/Legacy -I../Drivers/CMSIS/Device/ST/STM32F0xx/Include -I../Drivers/CMSIS/Include -O0 -ffunction-sections -fdata-sections -Wall -fstack-usage -fcyclomatic-complexity -MMD -MP -MF"Drivers/STM32F0xx_HAL_Driver/Src/stm32f0xx_hal_rcc_ex.d" -MT"Drivers/STM32F0xx_HAL_Driver/Src/stm32f0xx_hal_rcc_ex.o" --specs=nano.specs -mfloat-abi=soft -mthumb -o "Drivers/STM32F0xx_HAL_Driver/Src/stm32f0xx_hal_rcc_ex.o"
arm-none-eabi-gcc "../Drivers/STM32F0xx_HAL_Driver/Src/stm32f0xx_hal_tim.c" -mcpu=cortex-m0 -std=gnu11 -g3 -DDEBUG -DUSE_HAL_DRIVER -DSTM32F030x8 -c -I../Core/Inc -I../Drivers/STM32F0xx_HAL_Driver/Inc -I../Drivers/STM32F0xx_HAL_Driver/Inc/Legacy -I../Drivers/CMSIS/Device/ST/STM32F0xx/Include -I../Drivers/CMSIS/Include -O0 -ffunction-sections -fdata-sections -Wall -fstack-usage -fcyclomatic-complexity -MMD -MP -MF"Drivers/STM32F0xx_HAL_Driver/Src/stm32f0xx_hal_tim.d" -MT"Drivers/STM32F0xx_HAL_Driver/Src/stm32f0xx_hal_tim.o" --specs=nano.specs -mfloat-abi=soft -mthumb -o "Drivers/STM32F0xx_HAL_Driver/Src/stm32f0xx_hal_tim.o"
arm-none-eabi-gcc "../Drivers/STM32F0xx_HAL_Driver/Src/stm32f0xx_hal_tim_ex.c" -mcpu=cortex-m0 -std=gnu11 -g3 -DDEBUG -DUSE_HAL_DRIVER -DSTM32F030x8 -c -I../Core/Inc -I../Drivers/STM32F0xx_HAL_Driver/Inc -I../Drivers/STM32F0xx_HAL_Driver/Inc/Legacy -I../Drivers/CMSIS/Device/ST/STM32F0xx/Include -I../Drivers/CMSIS/Include -O0 -ffunction-sections -fdata-sections -Wall -fstack-usage -fcyclomatic-complexity -MMD -MP -MF"Drivers/STM32F0xx_HAL_Driver/Src/stm32f0xx_hal_tim_ex.d" -MT"Drivers/STM32F0xx_HAL_Driver/Src/stm32f0xx_hal_tim_ex.o" --specs=nano.specs -mfloat-abi=soft -mthumb -o "Drivers/STM32F0xx_HAL_Driver/Src/stm32f0xx_hal_tim_ex.o"
arm-none-eabi-gcc "../Drivers/STM32F0xx_HAL_Driver/Src/stm32f0xx_hal_uart.c" -mcpu=cortex-m0 -std=gnu11 -g3 -DDEBUG -DUSE_HAL_DRIVER -DSTM32F030x8 -c -I../Core/Inc -I../Drivers/STM32F0xx_HAL_Driver/Inc -I../Drivers/STM32F0xx_HAL_Driver/Inc/Legacy -I../Drivers/CMSIS/Device/ST/STM32F0xx/Include -I../Drivers/CMSIS/Include -O0 -ffunction-sections -fdata-sections -Wall -fstack-usage -fcyclomatic-complexity -MMD -MP -MF"Drivers/STM32F0xx_HAL_Driver/Src/stm32f0xx_hal_uart.d" -MT"Drivers/STM32F0xx_HAL_Driver/Src/stm32f0xx_hal_uart.o" --specs=nano.specs -mfloat-abi=soft -mthumb -o "Drivers/STM32F0xx_HAL_Driver/Src/stm32f0xx_hal_uart.o"
arm-none-eabi-gcc "../Drivers/STM32F0xx_HAL_Driver/Src/stm32f0xx_hal_uart_ex.c" -mcpu=cortex-m0 -std=gnu11 -g3 -DDEBUG -DUSE_HAL_DRIVER -DSTM32F030x8 -c -I../Core/Inc -I../Drivers/STM32F0xx_HAL_Driver/Inc -I../Drivers/STM32F0xx_HAL_Driver/Inc/Legacy -I../Drivers/CMSIS/Device/ST/STM32F0xx/Include -I../Drivers/CMSIS/Include -O0 -ffunction-sections -fdata-sections -Wall -fstack-usage -fcyclomatic-complexity -MMD -MP -MF"Drivers/STM32F0xx_HAL_Driver/Src/stm32f0xx_hal_uart_ex.d" -MT"Drivers/STM32F0xx_HAL_Driver/Src/stm32f0xx_hal_uart_ex.o" --specs=nano.specs -mfloat-abi=soft -mthumb -o "Drivers/STM32F0xx_HAL_Driver/Src/stm32f0xx_hal_uart_ex.o"
arm-none-eabi-gcc -mcpu=cortex-m0 -g3 -DDEBUG -c -x assembler-with-cpp -MMD -MP -MF"Core/Startup/startup_stm32f030r8tx.d" -MT"Core/Startup/startup_stm32f030r8tx.o" --specs=nano.specs -mfloat-abi=soft -mthumb -o "Core/Startup/startup_stm32f030r8tx.o" "../Core/Startup/startup_stm32f030r8tx.s"
arm-none-eabi-gcc "../Core/Src/main.c" -mcpu=cortex-m0 -std=gnu11 -g3 -DDEBUG -DUSE_HAL_DRIVER -DSTM32F030x8 -c -I../Core/Inc -I../Drivers/STM32F0xx_HAL_Driver/Inc -I../Drivers/STM32F0xx_HAL_Driver/Inc/Legacy -I../Drivers/CMSIS/Device/ST/STM32F0xx/Include -I../Drivers/CMSIS/Include -O0 -ffunction-sections -fdata-sections -Wall -fstack-usage -fcyclomatic-complexity -MMD -MP -MF"Core/Src/main.d" -MT"Core/Src/main.o" --specs=nano.specs -mfloat-abi=soft -mthumb -o "Core/Src/main.o"
arm-none-eabi-gcc "../Core/Src/sct.c" -mcpu=cortex-m0 -std=gnu11 -g3 -DDEBUG -DUSE_HAL_DRIVER -DSTM32F030x8 -c -I../Core/Inc -I../Drivers/STM32F0xx_HAL_Driver/Inc -I../Drivers/STM32F0xx_HAL_Driver/Inc/Legacy -I../Drivers/CMSIS/Device/ST/STM32F0xx/Include -I../Drivers/CMSIS/Include -O0 -ffunction-sections -fdata-sections -Wall -fstack-usage -fcyclomatic-complexity -MMD -MP -MF"Core/Src/sct.d" -MT"Core/Src/sct.o" --specs=nano.specs -mfloat-abi=soft -mthumb -o "Core/Src/sct.o"
arm-none-eabi-gcc "../Core/Src/stm32f0xx_hal_msp.c" -mcpu=cortex-m0 -std=gnu11 -g3 -DDEBUG -DUSE_HAL_DRIVER -DSTM32F030x8 -c -I../Core/Inc -I../Drivers/STM32F0xx_HAL_Driver/Inc -I../Drivers/STM32F0xx_HAL_Driver/Inc/Legacy -I../Drivers/CMSIS/Device/ST/STM32F0xx/Include -I../Drivers/CMSIS/Include -O0 -ffunction-sections -fdata-sections -Wall -fstack-usage -fcyclomatic-complexity -MMD -MP -MF"Core/Src/stm32f0xx_hal_msp.d" -MT"Core/Src/stm32f0xx_hal_msp.o" --specs=nano.specs -mfloat-abi=soft -mthumb -o "Core/Src/stm32f0xx_hal_msp.o"
arm-none-eabi-gcc "../Core/Src/stm32f0xx_it.c" -mcpu=cortex-m0 -std=gnu11 -g3 -DDEBUG -DUSE_HAL_DRIVER -DSTM32F030x8 -c -I../Core/Inc -I../Drivers/STM32F0xx_HAL_Driver/Inc -I../Drivers/STM32F0xx_HAL_Driver/Inc/Legacy -I../Drivers/CMSIS/Device/ST/STM32F0xx/Include -I../Drivers/CMSIS/Include -O0 -ffunction-sections -fdata-sections -Wall -fstack-usage -fcyclomatic-complexity -MMD -MP -MF"Core/Src/stm32f0xx_it.d" -MT"Core/Src/stm32f0xx_it.o" --specs=nano.specs -mfloat-abi=soft -mthumb -o "Core/Src/stm32f0xx_it.o"
arm-none-eabi-gcc "../Core/Src/syscalls.c" -mcpu=cortex-m0 -std=gnu11 -g3 -DDEBUG -DUSE_HAL_DRIVER -DSTM32F030x8 -c -I../Core/Inc -I../Drivers/STM32F0xx_HAL_Driver/Inc -I../Drivers/STM32F0xx_HAL_Driver/Inc/Legacy -I../Drivers/CMSIS/Device/ST/STM32F0xx/Include -I../Drivers/CMSIS/Include -O0 -ffunction-sections -fdata-sections -Wall -fstack-usage -fcyclomatic-complexity -MMD -MP -MF"Core/Src/syscalls.d" -MT"Core/Src/syscalls.o" --specs=nano.specs -mfloat-abi=soft -mthumb -o "Core/Src/syscalls.o"
arm-none-eabi-gcc "../Core/Src/sysmem.c" -mcpu=cortex-m0 -std=gnu11 -g3 -DDEBUG -DUSE_HAL_DRIVER -DSTM32F030x8 -c -I../Core/Inc -I../Drivers/STM32F0xx_HAL_Driver/Inc -I../Drivers/STM32F0xx_HAL_Driver/Inc/Legacy -I../Drivers/CMSIS/Device/ST/STM32F0xx/Include -I../Drivers/CMSIS/Include -O0 -ffunction-sections -fdata-sections -Wall -fstack-usage -fcyclomatic-complexity -MMD -MP -MF"Core/Src/sysmem.d" -MT"Core/Src/sysmem.o" --specs=nano.specs -mfloat-abi=soft -mthumb -o "Core/Src/sysmem.o"
arm-none-eabi-gcc "../Core/Src/system_stm32f0xx.c" -mcpu=cortex-m0 -std=gnu11 -g3 -DDEBUG -DUSE_HAL_DRIVER -DSTM32F030x8 -c -I../Core/Inc -I../Drivers/STM32F0xx_HAL_Driver/Inc -I../Drivers/STM32F0xx_HAL_Driver/Inc/Legacy -I../Drivers/CMSIS/Device/ST/STM32F0xx/Include -I../Drivers/CMSIS/Include -O0 -ffunction-sections -fdata-sections -Wall -fstack-usage -fcyclomatic-complexity -MMD -MP -MF"Core/Src/system_stm32f0xx.d" -MT"Core/Src/system_stm32f0xx.o" --specs=nano.specs -mfloat-abi=soft -mthumb -o "Core/Src/system_stm32f0xx.o"
arm-none-eabi-gcc -o "Stopky.elf" @"objects.list"   -mcpu=cortex-m0 -T"C:\Temp\240612\MKS2024\Ukol3\Stopky\STM32F030R8TX_FLASH.ld" --specs=nosys.specs -Wl,-Map="Stopky.map" -Wl,--gc-sections -static --specs=nano.specs -mfloat-abi=soft -mthumb -Wl,--start-group -lc -lm -Wl,--end-group
Finished building target: Stopky.elf
 
arm-none-eabi-size  Stopky.elf 
arm-none-eabi-objdump -h -S Stopky.elf  > "Stopky.list"
   text	   data	    bss	    dec	    hex	filename
   7832	     12	   1708	   9552	   2550	Stopky.elf
Finished building: default.size.stdout
 
Finished building: Stopky.list
 
16:51:44 **** Incremental Build of configuration Debug for project Stopky ****
make -j4 all 
arm-none-eabi-size  Stopky.elf 
   text	   data	    bss	    dec	    hex	filename
   7832	     12	   1708	   9552	   2550	Stopky.elf
Finished building: default.size.stdout
 
16:51:49 **** Incremental Build of configuration Debug for project Stopky ****
make -j4 all 
arm-none-eabi-size  Stopky.elf 
   text	   data	    bss	    dec	    hex	filename
   7832	     12	   1708	   9552	   2550	Stopky.elf
Finished building: default.size.stdout
 
16:53:21 **** Incremental Build of configuration Debug for project Stopky ****
make -j4 all 
arm-none-eabi-gcc "../Core/Src/main.c" -mcpu=cortex-m0 -std=gnu11 -g3 -DDEBUG -DUSE_HAL_DRIVER -DSTM32F030x8 -c -I../Core/Inc -I../Drivers/STM32F0xx_HAL_Driver/Inc -I../Drivers/STM32F0xx_HAL_Driver/Inc/Legacy -I../Drivers/CMSIS/Device/ST/STM32F0xx/Include -I../Drivers/CMSIS/Include -O0 -ffunction-sections -fdata-sections -Wall -fstack-usage -fcyclomatic-complexity -MMD -MP -MF"Core/Src/main.d" -MT"Core/Src/main.o" --specs=nano.specs -mfloat-abi=soft -mthumb -o "Core/Src/main.o"
../Core/Src/main.c: In function 'main':
../Core/Src/main.c:104:17: error: 'TimeInMS' undeclared (first use in this function)
  104 |                 TimeInMS = HAL_GetTick();
      |                 ^~~~~~~~
../Core/Src/main.c:104:17: note: each undeclared identifier is reported only once for each function it appears in
make: *** [Core/Src/subdir.mk:37: Core/Src/main.o] Error 1
"make -j4 all" terminated with exit code 2. Build might be incomplete.
16:53:42 **** Incremental Build of configuration Debug for project Stopky ****
make -j4 all 
arm-none-eabi-gcc "../Core/Src/main.c" -mcpu=cortex-m0 -std=gnu11 -g3 -DDEBUG -DUSE_HAL_DRIVER -DSTM32F030x8 -c -I../Core/Inc -I../Drivers/STM32F0xx_HAL_Driver/Inc -I../Drivers/STM32F0xx_HAL_Driver/Inc/Legacy -I../Drivers/CMSIS/Device/ST/STM32F0xx/Include -I../Drivers/CMSIS/Include -O0 -ffunction-sections -fdata-sections -Wall -fstack-usage -fcyclomatic-complexity -MMD -MP -MF"Core/Src/main.d" -MT"Core/Src/main.o" --specs=nano.specs -mfloat-abi=soft -mthumb -o "Core/Src/main.o"
arm-none-eabi-gcc -o "Stopky.elf" @"objects.list"   -mcpu=cortex-m0 -T"C:\Temp\240612\MKS2024\Ukol3\Stopky\STM32F030R8TX_FLASH.ld" --specs=nosys.specs -Wl,-Map="Stopky.map" -Wl,--gc-sections -static --specs=nano.specs -mfloat-abi=soft -mthumb -Wl,--start-group -lc -lm -Wl,--end-group
Finished building target: Stopky.elf
 
arm-none-eabi-size  Stopky.elf 
arm-none-eabi-objdump -h -S Stopky.elf  > "Stopky.list"
   text	   data	    bss	    dec	    hex	filename
   7852	     12	   1708	   9572	   2564	Stopky.elf
Finished building: default.size.stdout
 
Finished building: Stopky.list
 
16:53:45 **** Incremental Build of configuration Debug for project Stopky ****
make -j4 all 
arm-none-eabi-size  Stopky.elf 
   text	   data	    bss	    dec	    hex	filename
   7852	     12	   1708	   9572	   2564	Stopky.elf
Finished building: default.size.stdout
 
16:54:00 **** Incremental Build of configuration Debug for project Stopky ****
make -j4 all 
arm-none-eabi-gcc "../Core/Src/main.c" -mcpu=cortex-m0 -std=gnu11 -g3 -DDEBUG -DUSE_HAL_DRIVER -DSTM32F030x8 -c -I../Core/Inc -I../Drivers/STM32F0xx_HAL_Driver/Inc -I../Drivers/STM32F0xx_HAL_Driver/Inc/Legacy -I../Drivers/CMSIS/Device/ST/STM32F0xx/Include -I../Drivers/CMSIS/Include -O0 -ffunction-sections -fdata-sections -Wall -fstack-usage -fcyclomatic-complexity -MMD -MP -MF"Core/Src/main.d" -MT"Core/Src/main.o" --specs=nano.specs -mfloat-abi=soft -mthumb -o "Core/Src/main.o"
arm-none-eabi-gcc -o "Stopky.elf" @"objects.list"   -mcpu=cortex-m0 -T"C:\Temp\240612\MKS2024\Ukol3\Stopky\STM32F030R8TX_FLASH.ld" --specs=nosys.specs -Wl,-Map="Stopky.map" -Wl,--gc-sections -static --specs=nano.specs -mfloat-abi=soft -mthumb -Wl,--start-group -lc -lm -Wl,--end-group
Finished building target: Stopky.elf
 
arm-none-eabi-size  Stopky.elf 
arm-none-eabi-objdump -h -S Stopky.elf  > "Stopky.list"
   text	   data	    bss	    dec	    hex	filename
   7864	     12	   1708	   9584	   2570	Stopky.elf
Finished building: default.size.stdout
 
Finished building: Stopky.list
 
16:54:01 **** Incremental Build of configuration Debug for project Stopky ****
make -j4 all 
arm-none-eabi-size  Stopky.elf 
   text	   data	    bss	    dec	    hex	filename
   7864	     12	   1708	   9584	   2570	Stopky.elf
Finished building: default.size.stdout
 
16:56:03 **** Incremental Build of configuration Debug for project Stopky ****
make -j4 all 
arm-none-eabi-gcc "../Core/Src/main.c" -mcpu=cortex-m0 -std=gnu11 -g3 -DDEBUG -DUSE_HAL_DRIVER -DSTM32F030x8 -c -I../Core/Inc -I../Drivers/STM32F0xx_HAL_Driver/Inc -I../Drivers/STM32F0xx_HAL_Driver/Inc/Legacy -I../Drivers/CMSIS/Device/ST/STM32F0xx/Include -I../Drivers/CMSIS/Include -O0 -ffunction-sections -fdata-sections -Wall -fstack-usage -fcyclomatic-complexity -MMD -MP -MF"Core/Src/main.d" -MT"Core/Src/main.o" --specs=nano.specs -mfloat-abi=soft -mthumb -o "Core/Src/main.o"
../Core/Src/main.c: In function 'main':
../Core/Src/main.c:104:40: error: 'GPIO_Port_S2' undeclared (first use in this function); did you mean 'GPIO_PIN_2'?
  104 |                 while(HAL_GPIO_ReadPin(GPIO_Port_S2, Pin_S2) == 1){
      |                                        ^~~~~~~~~~~~
      |                                        GPIO_PIN_2
../Core/Src/main.c:104:40: note: each undeclared identifier is reported only once for each function it appears in
../Core/Src/main.c:104:54: error: 'Pin_S2' undeclared (first use in this function)
  104 |                 while(HAL_GPIO_ReadPin(GPIO_Port_S2, Pin_S2) == 1){
      |                                                      ^~~~~~
make: *** [Core/Src/subdir.mk:37: Core/Src/main.o] Error 1
"make -j4 all" terminated with exit code 2. Build might be incomplete.
16:56:31 **** Incremental Build of configuration Debug for project Stopky ****
make -j4 all 
arm-none-eabi-gcc "../Core/Src/main.c" -mcpu=cortex-m0 -std=gnu11 -g3 -DDEBUG -DUSE_HAL_DRIVER -DSTM32F030x8 -c -I../Core/Inc -I../Drivers/STM32F0xx_HAL_Driver/Inc -I../Drivers/STM32F0xx_HAL_Driver/Inc/Legacy -I../Drivers/CMSIS/Device/ST/STM32F0xx/Include -I../Drivers/CMSIS/Include -O0 -ffunction-sections -fdata-sections -Wall -fstack-usage -fcyclomatic-complexity -MMD -MP -MF"Core/Src/main.d" -MT"Core/Src/main.o" --specs=nano.specs -mfloat-abi=soft -mthumb -o "Core/Src/main.o"
arm-none-eabi-gcc -o "Stopky.elf" @"objects.list"   -mcpu=cortex-m0 -T"C:\Temp\240612\MKS2024\Ukol3\Stopky\STM32F030R8TX_FLASH.ld" --specs=nosys.specs -Wl,-Map="Stopky.map" -Wl,--gc-sections -static --specs=nano.specs -mfloat-abi=soft -mthumb -Wl,--start-group -lc -lm -Wl,--end-group
Finished building target: Stopky.elf
 
arm-none-eabi-size  Stopky.elf 
arm-none-eabi-objdump -h -S Stopky.elf  > "Stopky.list"
   text	   data	    bss	    dec	    hex	filename
   7940	     12	   1708	   9660	   25bc	Stopky.elf
Finished building: default.size.stdout
 
Finished building: Stopky.list
 
16:56:36 **** Incremental Build of configuration Debug for project Stopky ****
make -j4 all 
arm-none-eabi-size  Stopky.elf 
   text	   data	    bss	    dec	    hex	filename
   7940	     12	   1708	   9660	   25bc	Stopky.elf
Finished building: default.size.stdout
 
16:56:59 **** Incremental Build of configuration Debug for project Stopky ****
make -j4 all 
arm-none-eabi-gcc "../Core/Src/main.c" -mcpu=cortex-m0 -std=gnu11 -g3 -DDEBUG -DUSE_HAL_DRIVER -DSTM32F030x8 -c -I../Core/Inc -I../Drivers/STM32F0xx_HAL_Driver/Inc -I../Drivers/STM32F0xx_HAL_Driver/Inc/Legacy -I../Drivers/CMSIS/Device/ST/STM32F0xx/Include -I../Drivers/CMSIS/Include -O0 -ffunction-sections -fdata-sections -Wall -fstack-usage -fcyclomatic-complexity -MMD -MP -MF"Core/Src/main.d" -MT"Core/Src/main.o" --specs=nano.specs -mfloat-abi=soft -mthumb -o "Core/Src/main.o"
arm-none-eabi-gcc -o "Stopky.elf" @"objects.list"   -mcpu=cortex-m0 -T"C:\Temp\240612\MKS2024\Ukol3\Stopky\STM32F030R8TX_FLASH.ld" --specs=nosys.specs -Wl,-Map="Stopky.map" -Wl,--gc-sections -static --specs=nano.specs -mfloat-abi=soft -mthumb -Wl,--start-group -lc -lm -Wl,--end-group
Finished building target: Stopky.elf
 
arm-none-eabi-size  Stopky.elf 
arm-none-eabi-objdump -h -S Stopky.elf  > "Stopky.list"
   text	   data	    bss	    dec	    hex	filename
   7936	     12	   1708	   9656	   25b8	Stopky.elf
Finished building: default.size.stdout
 
Finished building: Stopky.list
 
16:57:03 **** Incremental Build of configuration Debug for project Stopky ****
make -j4 all 
arm-none-eabi-size  Stopky.elf 
   text	   data	    bss	    dec	    hex	filename
   7936	     12	   1708	   9656	   25b8	Stopky.elf
Finished building: default.size.stdout
 
16:57:24 **** Incremental Build of configuration Debug for project Stopky ****
make -j4 all 
arm-none-eabi-gcc "../Core/Src/main.c" -mcpu=cortex-m0 -std=gnu11 -g3 -DDEBUG -DUSE_HAL_DRIVER -DSTM32F030x8 -c -I../Core/Inc -I../Drivers/STM32F0xx_HAL_Driver/Inc -I../Drivers/STM32F0xx_HAL_Driver/Inc/Legacy -I../Drivers/CMSIS/Device/ST/STM32F0xx/Include -I../Drivers/CMSIS/Include -O0 -ffunction-sections -fdata-sections -Wall -fstack-usage -fcyclomatic-complexity -MMD -MP -MF"Core/Src/main.d" -MT"Core/Src/main.o" --specs=nano.specs -mfloat-abi=soft -mthumb -o "Core/Src/main.o"
arm-none-eabi-gcc -o "Stopky.elf" @"objects.list"   -mcpu=cortex-m0 -T"C:\Temp\240612\MKS2024\Ukol3\Stopky\STM32F030R8TX_FLASH.ld" --specs=nosys.specs -Wl,-Map="Stopky.map" -Wl,--gc-sections -static --specs=nano.specs -mfloat-abi=soft -mthumb -Wl,--start-group -lc -lm -Wl,--end-group
Finished building target: Stopky.elf
 
arm-none-eabi-size  Stopky.elf 
arm-none-eabi-objdump -h -S Stopky.elf  > "Stopky.list"
   text	   data	    bss	    dec	    hex	filename
   7864	     12	   1708	   9584	   2570	Stopky.elf
Finished building: default.size.stdout
 
Finished building: Stopky.list
 
16:59:35 **** Incremental Build of configuration Debug for project Stopky ****
make -j4 all 
arm-none-eabi-gcc "../Core/Src/main.c" -mcpu=cortex-m0 -std=gnu11 -g3 -DDEBUG -DUSE_HAL_DRIVER -DSTM32F030x8 -c -I../Core/Inc -I../Drivers/STM32F0xx_HAL_Driver/Inc -I../Drivers/STM32F0xx_HAL_Driver/Inc/Legacy -I../Drivers/CMSIS/Device/ST/STM32F0xx/Include -I../Drivers/CMSIS/Include -O0 -ffunction-sections -fdata-sections -Wall -fstack-usage -fcyclomatic-complexity -MMD -MP -MF"Core/Src/main.d" -MT"Core/Src/main.o" --specs=nano.specs -mfloat-abi=soft -mthumb -o "Core/Src/main.o"
arm-none-eabi-gcc -o "Stopky.elf" @"objects.list"   -mcpu=cortex-m0 -T"C:\Temp\240612\MKS2024\Ukol3\Stopky\STM32F030R8TX_FLASH.ld" --specs=nosys.specs -Wl,-Map="Stopky.map" -Wl,--gc-sections -static --specs=nano.specs -mfloat-abi=soft -mthumb -Wl,--start-group -lc -lm -Wl,--end-group
Finished building target: Stopky.elf
 
arm-none-eabi-size  Stopky.elf 
arm-none-eabi-objdump -h -S Stopky.elf  > "Stopky.list"
   text	   data	    bss	    dec	    hex	filename
   8032	     12	   1708	   9752	   2618	Stopky.elf
Finished building: default.size.stdout
 
Finished building: Stopky.list
 
16:59:37 **** Incremental Build of configuration Debug for project Stopky ****
make -j4 all 
arm-none-eabi-size  Stopky.elf 
   text	   data	    bss	    dec	    hex	filename
   8032	     12	   1708	   9752	   2618	Stopky.elf
Finished building: default.size.stdout
 
17:00:44 **** Incremental Build of configuration Debug for project Stopky ****
make -j4 all 
arm-none-eabi-gcc "../Core/Src/main.c" -mcpu=cortex-m0 -std=gnu11 -g3 -DDEBUG -DUSE_HAL_DRIVER -DSTM32F030x8 -c -I../Core/Inc -I../Drivers/STM32F0xx_HAL_Driver/Inc -I../Drivers/STM32F0xx_HAL_Driver/Inc/Legacy -I../Drivers/CMSIS/Device/ST/STM32F0xx/Include -I../Drivers/CMSIS/Include -O0 -ffunction-sections -fdata-sections -Wall -fstack-usage -fcyclomatic-complexity -MMD -MP -MF"Core/Src/main.d" -MT"Core/Src/main.o" --specs=nano.specs -mfloat-abi=soft -mthumb -o "Core/Src/main.o"
arm-none-eabi-gcc -o "Stopky.elf" @"objects.list"   -mcpu=cortex-m0 -T"C:\Temp\240612\MKS2024\Ukol3\Stopky\STM32F030R8TX_FLASH.ld" --specs=nosys.specs -Wl,-Map="Stopky.map" -Wl,--gc-sections -static --specs=nano.specs -mfloat-abi=soft -mthumb -Wl,--start-group -lc -lm -Wl,--end-group
Finished building target: Stopky.elf
 
arm-none-eabi-size  Stopky.elf 
arm-none-eabi-objdump -h -S Stopky.elf  > "Stopky.list"
   text	   data	    bss	    dec	    hex	filename
   7940	     12	   1708	   9660	   25bc	Stopky.elf
Finished building: default.size.stdout
 
Finished building: Stopky.list
 
17:00:50 **** Incremental Build of configuration Debug for project Stopky ****
make -j4 all 
arm-none-eabi-gcc "../Core/Src/main.c" -mcpu=cortex-m0 -std=gnu11 -g3 -DDEBUG -DUSE_HAL_DRIVER -DSTM32F030x8 -c -I../Core/Inc -I../Drivers/STM32F0xx_HAL_Driver/Inc -I../Drivers/STM32F0xx_HAL_Driver/Inc/Legacy -I../Drivers/CMSIS/Device/ST/STM32F0xx/Include -I../Drivers/CMSIS/Include -O0 -ffunction-sections -fdata-sections -Wall -fstack-usage -fcyclomatic-complexity -MMD -MP -MF"Core/Src/main.d" -MT"Core/Src/main.o" --specs=nano.specs -mfloat-abi=soft -mthumb -o "Core/Src/main.o"
arm-none-eabi-gcc -o "Stopky.elf" @"objects.list"   -mcpu=cortex-m0 -T"C:\Temp\240612\MKS2024\Ukol3\Stopky\STM32F030R8TX_FLASH.ld" --specs=nosys.specs -Wl,-Map="Stopky.map" -Wl,--gc-sections -static --specs=nano.specs -mfloat-abi=soft -mthumb -Wl,--start-group -lc -lm -Wl,--end-group
Finished building target: Stopky.elf
 
arm-none-eabi-size  Stopky.elf 
arm-none-eabi-objdump -h -S Stopky.elf  > "Stopky.list"
   text	   data	    bss	    dec	    hex	filename
   7940	     12	   1708	   9660	   25bc	Stopky.elf
Finished building: default.size.stdout
 
Finished building: Stopky.list
 
17:02:26 **** Incremental Build of configuration Debug for project Stopky ****
make -j4 all 
arm-none-eabi-gcc "../Core/Src/main.c" -mcpu=cortex-m0 -std=gnu11 -g3 -DDEBUG -DUSE_HAL_DRIVER -DSTM32F030x8 -c -I../Core/Inc -I../Drivers/STM32F0xx_HAL_Driver/Inc -I../Drivers/STM32F0xx_HAL_Driver/Inc/Legacy -I../Drivers/CMSIS/Device/ST/STM32F0xx/Include -I../Drivers/CMSIS/Include -O0 -ffunction-sections -fdata-sections -Wall -fstack-usage -fcyclomatic-complexity -MMD -MP -MF"Core/Src/main.d" -MT"Core/Src/main.o" --specs=nano.specs -mfloat-abi=soft -mthumb -o "Core/Src/main.o"
arm-none-eabi-gcc -o "Stopky.elf" @"objects.list"   -mcpu=cortex-m0 -T"C:\Temp\240612\MKS2024\Ukol3\Stopky\STM32F030R8TX_FLASH.ld" --specs=nosys.specs -Wl,-Map="Stopky.map" -Wl,--gc-sections -static --specs=nano.specs -mfloat-abi=soft -mthumb -Wl,--start-group -lc -lm -Wl,--end-group
Finished building target: Stopky.elf
 
arm-none-eabi-size  Stopky.elf 
arm-none-eabi-objdump -h -S Stopky.elf  > "Stopky.list"
   text	   data	    bss	    dec	    hex	filename
   7956	     12	   1708	   9676	   25cc	Stopky.elf
Finished building: default.size.stdout
 
Finished building: Stopky.list
 
17:02:29 **** Incremental Build of configuration Debug for project Stopky ****
make -j4 all 
arm-none-eabi-size  Stopky.elf 
   text	   data	    bss	    dec	    hex	filename
   7956	     12	   1708	   9676	   25cc	Stopky.elf
Finished building: default.size.stdout
 
17:05:17 **** Incremental Build of configuration Debug for project Stopky ****
make -j4 all 
arm-none-eabi-gcc "../Core/Src/main.c" -mcpu=cortex-m0 -std=gnu11 -g3 -DDEBUG -DUSE_HAL_DRIVER -DSTM32F030x8 -c -I../Core/Inc -I../Drivers/STM32F0xx_HAL_Driver/Inc -I../Drivers/STM32F0xx_HAL_Driver/Inc/Legacy -I../Drivers/CMSIS/Device/ST/STM32F0xx/Include -I../Drivers/CMSIS/Include -O0 -ffunction-sections -fdata-sections -Wall -fstack-usage -fcyclomatic-complexity -MMD -MP -MF"Core/Src/main.d" -MT"Core/Src/main.o" --specs=nano.specs -mfloat-abi=soft -mthumb -o "Core/Src/main.o"
arm-none-eabi-gcc -o "Stopky.elf" @"objects.list"   -mcpu=cortex-m0 -T"C:\Temp\240612\MKS2024\Ukol3\Stopky\STM32F030R8TX_FLASH.ld" --specs=nosys.specs -Wl,-Map="Stopky.map" -Wl,--gc-sections -static --specs=nano.specs -mfloat-abi=soft -mthumb -Wl,--start-group -lc -lm -Wl,--end-group
Finished building target: Stopky.elf
 
arm-none-eabi-size  Stopky.elf 
arm-none-eabi-objdump -h -S Stopky.elf  > "Stopky.list"
   text	   data	    bss	    dec	    hex	filename
   7864	     12	   1708	   9584	   2570	Stopky.elf
Finished building: default.size.stdout
 
Finished building: Stopky.list
 
17:05:20 **** Incremental Build of configuration Debug for project Stopky ****
make -j4 all 
arm-none-eabi-size  Stopky.elf 
   text	   data	    bss	    dec	    hex	filename
   7864	     12	   1708	   9584	   2570	Stopky.elf
Finished building: default.size.stdout
 
17:07:32 **** Incremental Build of configuration Debug for project Stopky ****
make -j4 all 
arm-none-eabi-gcc "../Core/Src/main.c" -mcpu=cortex-m0 -std=gnu11 -g3 -DDEBUG -DUSE_HAL_DRIVER -DSTM32F030x8 -c -I../Core/Inc -I../Drivers/STM32F0xx_HAL_Driver/Inc -I../Drivers/STM32F0xx_HAL_Driver/Inc/Legacy -I../Drivers/CMSIS/Device/ST/STM32F0xx/Include -I../Drivers/CMSIS/Include -O0 -ffunction-sections -fdata-sections -Wall -fstack-usage -fcyclomatic-complexity -MMD -MP -MF"Core/Src/main.d" -MT"Core/Src/main.o" --specs=nano.specs -mfloat-abi=soft -mthumb -o "Core/Src/main.o"
../Core/Src/main.c: In function 'main':
../Core/Src/main.c:113:17: warning: this 'else' clause does not guard... [-Wmisleading-indentation]
  113 |                 else
      |                 ^~~~
../Core/Src/main.c:115:25: note: ...this statement, but the latter is misleadingly indented as if it were guarded by the 'else'
  115 |                         sct_value(TimeInMS/100,0,2);
      |                         ^~~~~~~~~
arm-none-eabi-gcc -o "Stopky.elf" @"objects.list"   -mcpu=cortex-m0 -T"C:\Temp\240612\MKS2024\Ukol3\Stopky\STM32F030R8TX_FLASH.ld" --specs=nosys.specs -Wl,-Map="Stopky.map" -Wl,--gc-sections -static --specs=nano.specs -mfloat-abi=soft -mthumb -Wl,--start-group -lc -lm -Wl,--end-group
Finished building target: Stopky.elf
 
arm-none-eabi-size  Stopky.elf 
arm-none-eabi-objdump -h -S Stopky.elf  > "Stopky.list"
   text	   data	    bss	    dec	    hex	filename
   7988	     12	   1708	   9708	   25ec	Stopky.elf
Finished building: default.size.stdout
 
Finished building: Stopky.list
 
17:07:41 **** Incremental Build of configuration Debug for project Stopky ****
make -j4 all 
arm-none-eabi-gcc "../Core/Src/main.c" -mcpu=cortex-m0 -std=gnu11 -g3 -DDEBUG -DUSE_HAL_DRIVER -DSTM32F030x8 -c -I../Core/Inc -I../Drivers/STM32F0xx_HAL_Driver/Inc -I../Drivers/STM32F0xx_HAL_Driver/Inc/Legacy -I../Drivers/CMSIS/Device/ST/STM32F0xx/Include -I../Drivers/CMSIS/Include -O0 -ffunction-sections -fdata-sections -Wall -fstack-usage -fcyclomatic-complexity -MMD -MP -MF"Core/Src/main.d" -MT"Core/Src/main.o" --specs=nano.specs -mfloat-abi=soft -mthumb -o "Core/Src/main.o"
arm-none-eabi-gcc -o "Stopky.elf" @"objects.list"   -mcpu=cortex-m0 -T"C:\Temp\240612\MKS2024\Ukol3\Stopky\STM32F030R8TX_FLASH.ld" --specs=nosys.specs -Wl,-Map="Stopky.map" -Wl,--gc-sections -static --specs=nano.specs -mfloat-abi=soft -mthumb -Wl,--start-group -lc -lm -Wl,--end-group
Finished building target: Stopky.elf
 
arm-none-eabi-size  Stopky.elf 
arm-none-eabi-objdump -h -S Stopky.elf  > "Stopky.list"
   text	   data	    bss	    dec	    hex	filename
   7988	     12	   1708	   9708	   25ec	Stopky.elf
Finished building: default.size.stdout
 
Finished building: Stopky.list
 
17:07:47 **** Incremental Build of configuration Debug for project Stopky ****
make -j4 all 
arm-none-eabi-size  Stopky.elf 
   text	   data	    bss	    dec	    hex	filename
   7988	     12	   1708	   9708	   25ec	Stopky.elf
Finished building: default.size.stdout
 
17:08:49 **** Incremental Build of configuration Debug for project Stopky ****
make -j4 all 
arm-none-eabi-gcc "../Core/Src/main.c" -mcpu=cortex-m0 -std=gnu11 -g3 -DDEBUG -DUSE_HAL_DRIVER -DSTM32F030x8 -c -I../Core/Inc -I../Drivers/STM32F0xx_HAL_Driver/Inc -I../Drivers/STM32F0xx_HAL_Driver/Inc/Legacy -I../Drivers/CMSIS/Device/ST/STM32F0xx/Include -I../Drivers/CMSIS/Include -O0 -ffunction-sections -fdata-sections -Wall -fstack-usage -fcyclomatic-complexity -MMD -MP -MF"Core/Src/main.d" -MT"Core/Src/main.o" --specs=nano.specs -mfloat-abi=soft -mthumb -o "Core/Src/main.o"
arm-none-eabi-gcc -o "Stopky.elf" @"objects.list"   -mcpu=cortex-m0 -T"C:\Temp\240612\MKS2024\Ukol3\Stopky\STM32F030R8TX_FLASH.ld" --specs=nosys.specs -Wl,-Map="Stopky.map" -Wl,--gc-sections -static --specs=nano.specs -mfloat-abi=soft -mthumb -Wl,--start-group -lc -lm -Wl,--end-group
Finished building target: Stopky.elf
 
arm-none-eabi-size  Stopky.elf 
arm-none-eabi-objdump -h -S Stopky.elf  > "Stopky.list"
   text	   data	    bss	    dec	    hex	filename
   8004	     12	   1708	   9724	   25fc	Stopky.elf
Finished building: default.size.stdout
 
Finished building: Stopky.list
 
17:08:52 **** Incremental Build of configuration Debug for project Stopky ****
make -j4 all 
arm-none-eabi-size  Stopky.elf 
   text	   data	    bss	    dec	    hex	filename
   8004	     12	   1708	   9724	   25fc	Stopky.elf
Finished building: default.size.stdout
 
17:10:27 **** Incremental Build of configuration Debug for project Stopky ****
make -j4 all 
arm-none-eabi-gcc "../Core/Src/main.c" -mcpu=cortex-m0 -std=gnu11 -g3 -DDEBUG -DUSE_HAL_DRIVER -DSTM32F030x8 -c -I../Core/Inc -I../Drivers/STM32F0xx_HAL_Driver/Inc -I../Drivers/STM32F0xx_HAL_Driver/Inc/Legacy -I../Drivers/CMSIS/Device/ST/STM32F0xx/Include -I../Drivers/CMSIS/Include -O0 -ffunction-sections -fdata-sections -Wall -fstack-usage -fcyclomatic-complexity -MMD -MP -MF"Core/Src/main.d" -MT"Core/Src/main.o" --specs=nano.specs -mfloat-abi=soft -mthumb -o "Core/Src/main.o"
arm-none-eabi-gcc -o "Stopky.elf" @"objects.list"   -mcpu=cortex-m0 -T"C:\Temp\240612\MKS2024\Ukol3\Stopky\STM32F030R8TX_FLASH.ld" --specs=nosys.specs -Wl,-Map="Stopky.map" -Wl,--gc-sections -static --specs=nano.specs -mfloat-abi=soft -mthumb -Wl,--start-group -lc -lm -Wl,--end-group
Finished building target: Stopky.elf
 
arm-none-eabi-size  Stopky.elf 
arm-none-eabi-objdump -h -S Stopky.elf  > "Stopky.list"
   text	   data	    bss	    dec	    hex	filename
   8108	     12	   1708	   9828	   2664	Stopky.elf
Finished building: default.size.stdout
 
Finished building: Stopky.list
 
17:11:03 **** Incremental Build of configuration Debug for project Stopky ****
make -j4 all 
arm-none-eabi-gcc "../Core/Src/main.c" -mcpu=cortex-m0 -std=gnu11 -g3 -DDEBUG -DUSE_HAL_DRIVER -DSTM32F030x8 -c -I../Core/Inc -I../Drivers/STM32F0xx_HAL_Driver/Inc -I../Drivers/STM32F0xx_HAL_Driver/Inc/Legacy -I../Drivers/CMSIS/Device/ST/STM32F0xx/Include -I../Drivers/CMSIS/Include -O0 -ffunction-sections -fdata-sections -Wall -fstack-usage -fcyclomatic-complexity -MMD -MP -MF"Core/Src/main.d" -MT"Core/Src/main.o" --specs=nano.specs -mfloat-abi=soft -mthumb -o "Core/Src/main.o"
arm-none-eabi-gcc -o "Stopky.elf" @"objects.list"   -mcpu=cortex-m0 -T"C:\Temp\240612\MKS2024\Ukol3\Stopky\STM32F030R8TX_FLASH.ld" --specs=nosys.specs -Wl,-Map="Stopky.map" -Wl,--gc-sections -static --specs=nano.specs -mfloat-abi=soft -mthumb -Wl,--start-group -lc -lm -Wl,--end-group
Finished building target: Stopky.elf
 
arm-none-eabi-size  Stopky.elf 
arm-none-eabi-objdump -h -S Stopky.elf  > "Stopky.list"
   text	   data	    bss	    dec	    hex	filename
   7988	     12	   1708	   9708	   25ec	Stopky.elf
Finished building: default.size.stdout
 
Finished building: Stopky.list
 
17:11:41 **** Incremental Build of configuration Debug for project Stopky ****
make -j4 all 
arm-none-eabi-size  Stopky.elf 
   text	   data	    bss	    dec	    hex	filename
   7988	     12	   1708	   9708	   25ec	Stopky.elf
Finished building: default.size.stdout
 
17:12:29 **** Incremental Build of configuration Debug for project Stopky ****
make -j4 all 
arm-none-eabi-gcc "../Core/Src/main.c" -mcpu=cortex-m0 -std=gnu11 -g3 -DDEBUG -DUSE_HAL_DRIVER -DSTM32F030x8 -c -I../Core/Inc -I../Drivers/STM32F0xx_HAL_Driver/Inc -I../Drivers/STM32F0xx_HAL_Driver/Inc/Legacy -I../Drivers/CMSIS/Device/ST/STM32F0xx/Include -I../Drivers/CMSIS/Include -O0 -ffunction-sections -fdata-sections -Wall -fstack-usage -fcyclomatic-complexity -MMD -MP -MF"Core/Src/main.d" -MT"Core/Src/main.o" --specs=nano.specs -mfloat-abi=soft -mthumb -o "Core/Src/main.o"
arm-none-eabi-gcc -o "Stopky.elf" @"objects.list"   -mcpu=cortex-m0 -T"C:\Temp\240612\MKS2024\Ukol3\Stopky\STM32F030R8TX_FLASH.ld" --specs=nosys.specs -Wl,-Map="Stopky.map" -Wl,--gc-sections -static --specs=nano.specs -mfloat-abi=soft -mthumb -Wl,--start-group -lc -lm -Wl,--end-group
Finished building target: Stopky.elf
 
arm-none-eabi-size  Stopky.elf 
arm-none-eabi-objdump -h -S Stopky.elf  > "Stopky.list"
   text	   data	    bss	    dec	    hex	filename
   7992	     12	   1708	   9712	   25f0	Stopky.elf
Finished building: default.size.stdout
 
Finished building: Stopky.list
 
17:12:31 **** Incremental Build of configuration Debug for project Stopky ****
make -j4 all 
arm-none-eabi-size  Stopky.elf 
   text	   data	    bss	    dec	    hex	filename
   7992	     12	   1708	   9712	   25f0	Stopky.elf
Finished building: default.size.stdout
 
17:12:51 **** Incremental Build of configuration Debug for project Stopky ****
make -j4 all 
arm-none-eabi-gcc "../Core/Src/main.c" -mcpu=cortex-m0 -std=gnu11 -g3 -DDEBUG -DUSE_HAL_DRIVER -DSTM32F030x8 -c -I../Core/Inc -I../Drivers/STM32F0xx_HAL_Driver/Inc -I../Drivers/STM32F0xx_HAL_Driver/Inc/Legacy -I../Drivers/CMSIS/Device/ST/STM32F0xx/Include -I../Drivers/CMSIS/Include -O0 -ffunction-sections -fdata-sections -Wall -fstack-usage -fcyclomatic-complexity -MMD -MP -MF"Core/Src/main.d" -MT"Core/Src/main.o" --specs=nano.specs -mfloat-abi=soft -mthumb -o "Core/Src/main.o"
../Core/Src/main.c: In function 'main':
../Core/Src/main.c:112:32: warning: type defaults to 'int' in declaration of 'TimeInMS' [-Wimplicit-int]
  112 |                         extern TimeInMS = 0;
      |                                ^~~~~~~~
../Core/Src/main.c:112:32: error: 'TimeInMS' has both 'extern' and initializer
../Core/Src/main.c:112:32: warning: unused variable 'TimeInMS' [-Wunused-variable]
make: *** [Core/Src/subdir.mk:37: Core/Src/main.o] Error 1
"make -j4 all" terminated with exit code 2. Build might be incomplete.
17:13:00 **** Incremental Build of configuration Debug for project Stopky ****
make -j4 all 
arm-none-eabi-gcc "../Core/Src/main.c" -mcpu=cortex-m0 -std=gnu11 -g3 -DDEBUG -DUSE_HAL_DRIVER -DSTM32F030x8 -c -I../Core/Inc -I../Drivers/STM32F0xx_HAL_Driver/Inc -I../Drivers/STM32F0xx_HAL_Driver/Inc/Legacy -I../Drivers/CMSIS/Device/ST/STM32F0xx/Include -I../Drivers/CMSIS/Include -O0 -ffunction-sections -fdata-sections -Wall -fstack-usage -fcyclomatic-complexity -MMD -MP -MF"Core/Src/main.d" -MT"Core/Src/main.o" --specs=nano.specs -mfloat-abi=soft -mthumb -o "Core/Src/main.o"
../Core/Src/main.c: In function 'main':
../Core/Src/main.c:112:34: warning: type defaults to 'int' in declaration of 'TimeInMS' [-Wimplicit-int]
  112 |                         volatile TimeInMS = 0;
      |                                  ^~~~~~~~
../Core/Src/main.c:112:34: warning: unused variable 'TimeInMS' [-Wunused-variable]
arm-none-eabi-gcc -o "Stopky.elf" @"objects.list"   -mcpu=cortex-m0 -T"C:\Temp\240612\MKS2024\Ukol3\Stopky\STM32F030R8TX_FLASH.ld" --specs=nosys.specs -Wl,-Map="Stopky.map" -Wl,--gc-sections -static --specs=nano.specs -mfloat-abi=soft -mthumb -Wl,--start-group -lc -lm -Wl,--end-group
Finished building target: Stopky.elf
 
arm-none-eabi-size  Stopky.elf 
arm-none-eabi-objdump -h -S Stopky.elf  > "Stopky.list"
   text	   data	    bss	    dec	    hex	filename
   7992	     12	   1708	   9712	   25f0	Stopky.elf
Finished building: default.size.stdout
 
Finished building: Stopky.list
 
17:13:23 **** Incremental Build of configuration Debug for project Stopky ****
make -j4 all 
arm-none-eabi-gcc "../Core/Src/main.c" -mcpu=cortex-m0 -std=gnu11 -g3 -DDEBUG -DUSE_HAL_DRIVER -DSTM32F030x8 -c -I../Core/Inc -I../Drivers/STM32F0xx_HAL_Driver/Inc -I../Drivers/STM32F0xx_HAL_Driver/Inc/Legacy -I../Drivers/CMSIS/Device/ST/STM32F0xx/Include -I../Drivers/CMSIS/Include -O0 -ffunction-sections -fdata-sections -Wall -fstack-usage -fcyclomatic-complexity -MMD -MP -MF"Core/Src/main.d" -MT"Core/Src/main.o" --specs=nano.specs -mfloat-abi=soft -mthumb -o "Core/Src/main.o"
arm-none-eabi-gcc -o "Stopky.elf" @"objects.list"   -mcpu=cortex-m0 -T"C:\Temp\240612\MKS2024\Ukol3\Stopky\STM32F030R8TX_FLASH.ld" --specs=nosys.specs -Wl,-Map="Stopky.map" -Wl,--gc-sections -static --specs=nano.specs -mfloat-abi=soft -mthumb -Wl,--start-group -lc -lm -Wl,--end-group
Finished building target: Stopky.elf
 
arm-none-eabi-size  Stopky.elf 
arm-none-eabi-objdump -h -S Stopky.elf  > "Stopky.list"
   text	   data	    bss	    dec	    hex	filename
   7992	     12	   1708	   9712	   25f0	Stopky.elf
Finished building: default.size.stdout
 
Finished building: Stopky.list
 
17:15:38 **** Incremental Build of configuration Debug for project Stopky ****
make -j4 all 
arm-none-eabi-gcc "../Core/Src/main.c" -mcpu=cortex-m0 -std=gnu11 -g3 -DDEBUG -DUSE_HAL_DRIVER -DSTM32F030x8 -c -I../Core/Inc -I../Drivers/STM32F0xx_HAL_Driver/Inc -I../Drivers/STM32F0xx_HAL_Driver/Inc/Legacy -I../Drivers/CMSIS/Device/ST/STM32F0xx/Include -I../Drivers/CMSIS/Include -O0 -ffunction-sections -fdata-sections -Wall -fstack-usage -fcyclomatic-complexity -MMD -MP -MF"Core/Src/main.d" -MT"Core/Src/main.o" --specs=nano.specs -mfloat-abi=soft -mthumb -o "Core/Src/main.o"
arm-none-eabi-gcc -o "Stopky.elf" @"objects.list"   -mcpu=cortex-m0 -T"C:\Temp\240612\MKS2024\Ukol3\Stopky\STM32F030R8TX_FLASH.ld" --specs=nosys.specs -Wl,-Map="Stopky.map" -Wl,--gc-sections -static --specs=nano.specs -mfloat-abi=soft -mthumb -Wl,--start-group -lc -lm -Wl,--end-group
Finished building target: Stopky.elf
 
arm-none-eabi-size  Stopky.elf 
arm-none-eabi-objdump -h -S Stopky.elf  > "Stopky.list"
   text	   data	    bss	    dec	    hex	filename
   7992	     12	   1708	   9712	   25f0	Stopky.elf
Finished building: default.size.stdout
 
Finished building: Stopky.list
 
17:15:41 **** Incremental Build of configuration Debug for project Stopky ****
make -j4 all 
arm-none-eabi-size  Stopky.elf 
   text	   data	    bss	    dec	    hex	filename
   7992	     12	   1708	   9712	   25f0	Stopky.elf
Finished building: default.size.stdout
 
17:18:59 **** Incremental Build of configuration Debug for project Stopky ****
make -j4 all 
arm-none-eabi-gcc "../Core/Src/main.c" -mcpu=cortex-m0 -std=gnu11 -g3 -DDEBUG -DUSE_HAL_DRIVER -DSTM32F030x8 -c -I../Core/Inc -I../Drivers/STM32F0xx_HAL_Driver/Inc -I../Drivers/STM32F0xx_HAL_Driver/Inc/Legacy -I../Drivers/CMSIS/Device/ST/STM32F0xx/Include -I../Drivers/CMSIS/Include -O0 -ffunction-sections -fdata-sections -Wall -fstack-usage -fcyclomatic-complexity -MMD -MP -MF"Core/Src/main.d" -MT"Core/Src/main.o" --specs=nano.specs -mfloat-abi=soft -mthumb -o "Core/Src/main.o"
../Core/Src/main.c: In function 'main':
../Core/Src/main.c:112:35: error: expected expression before ';' token
  112 |                         TimeInMS =;
      |                                   ^
make: *** [Core/Src/subdir.mk:37: Core/Src/main.o] Error 1
"make -j4 all" terminated with exit code 2. Build might be incomplete.
17:19:07 **** Incremental Build of configuration Debug for project Stopky ****
make -j4 all 
arm-none-eabi-gcc "../Core/Src/main.c" -mcpu=cortex-m0 -std=gnu11 -g3 -DDEBUG -DUSE_HAL_DRIVER -DSTM32F030x8 -c -I../Core/Inc -I../Drivers/STM32F0xx_HAL_Driver/Inc -I../Drivers/STM32F0xx_HAL_Driver/Inc/Legacy -I../Drivers/CMSIS/Device/ST/STM32F0xx/Include -I../Drivers/CMSIS/Include -O0 -ffunction-sections -fdata-sections -Wall -fstack-usage -fcyclomatic-complexity -MMD -MP -MF"Core/Src/main.d" -MT"Core/Src/main.o" --specs=nano.specs -mfloat-abi=soft -mthumb -o "Core/Src/main.o"
arm-none-eabi-gcc -o "Stopky.elf" @"objects.list"   -mcpu=cortex-m0 -T"C:\Temp\240612\MKS2024\Ukol3\Stopky\STM32F030R8TX_FLASH.ld" --specs=nosys.specs -Wl,-Map="Stopky.map" -Wl,--gc-sections -static --specs=nano.specs -mfloat-abi=soft -mthumb -Wl,--start-group -lc -lm -Wl,--end-group
Finished building target: Stopky.elf
 
arm-none-eabi-size  Stopky.elf 
arm-none-eabi-objdump -h -S Stopky.elf  > "Stopky.list"
   text	   data	    bss	    dec	    hex	filename
   7992	     12	   1708	   9712	   25f0	Stopky.elf
Finished building: default.size.stdout
 
Finished building: Stopky.list
 
17:19:10 **** Incremental Build of configuration Debug for project Stopky ****
make -j4 all 
arm-none-eabi-size  Stopky.elf 
   text	   data	    bss	    dec	    hex	filename
   7992	     12	   1708	   9712	   25f0	Stopky.elf
Finished building: default.size.stdout
 
17:20:38 **** Incremental Build of configuration Debug for project Stopky ****
make -j4 all 
arm-none-eabi-gcc "../Core/Src/main.c" -mcpu=cortex-m0 -std=gnu11 -g3 -DDEBUG -DUSE_HAL_DRIVER -DSTM32F030x8 -c -I../Core/Inc -I../Drivers/STM32F0xx_HAL_Driver/Inc -I../Drivers/STM32F0xx_HAL_Driver/Inc/Legacy -I../Drivers/CMSIS/Device/ST/STM32F0xx/Include -I../Drivers/CMSIS/Include -O0 -ffunction-sections -fdata-sections -Wall -fstack-usage -fcyclomatic-complexity -MMD -MP -MF"Core/Src/main.d" -MT"Core/Src/main.o" --specs=nano.specs -mfloat-abi=soft -mthumb -o "Core/Src/main.o"
arm-none-eabi-gcc -o "Stopky.elf" @"objects.list"   -mcpu=cortex-m0 -T"C:\Temp\240612\MKS2024\Ukol3\Stopky\STM32F030R8TX_FLASH.ld" --specs=nosys.specs -Wl,-Map="Stopky.map" -Wl,--gc-sections -static --specs=nano.specs -mfloat-abi=soft -mthumb -Wl,--start-group -lc -lm -Wl,--end-group
Finished building target: Stopky.elf
 
arm-none-eabi-size  Stopky.elf 
arm-none-eabi-objdump -h -S Stopky.elf  > "Stopky.list"
   text	   data	    bss	    dec	    hex	filename
   7996	     12	   1708	   9716	   25f4	Stopky.elf
Finished building: default.size.stdout
 
Finished building: Stopky.list
 
17:20:41 **** Incremental Build of configuration Debug for project Stopky ****
make -j4 all 
arm-none-eabi-size  Stopky.elf 
   text	   data	    bss	    dec	    hex	filename
   7996	     12	   1708	   9716	   25f4	Stopky.elf
Finished building: default.size.stdout
 
17:21:13 **** Incremental Build of configuration Debug for project Stopky ****
make -j4 all 
arm-none-eabi-gcc "../Core/Src/main.c" -mcpu=cortex-m0 -std=gnu11 -g3 -DDEBUG -DUSE_HAL_DRIVER -DSTM32F030x8 -c -I../Core/Inc -I../Drivers/STM32F0xx_HAL_Driver/Inc -I../Drivers/STM32F0xx_HAL_Driver/Inc/Legacy -I../Drivers/CMSIS/Device/ST/STM32F0xx/Include -I../Drivers/CMSIS/Include -O0 -ffunction-sections -fdata-sections -Wall -fstack-usage -fcyclomatic-complexity -MMD -MP -MF"Core/Src/main.d" -MT"Core/Src/main.o" --specs=nano.specs -mfloat-abi=soft -mthumb -o "Core/Src/main.o"
arm-none-eabi-gcc -o "Stopky.elf" @"objects.list"   -mcpu=cortex-m0 -T"C:\Temp\240612\MKS2024\Ukol3\Stopky\STM32F030R8TX_FLASH.ld" --specs=nosys.specs -Wl,-Map="Stopky.map" -Wl,--gc-sections -static --specs=nano.specs -mfloat-abi=soft -mthumb -Wl,--start-group -lc -lm -Wl,--end-group
Finished building target: Stopky.elf
 
arm-none-eabi-size  Stopky.elf 
arm-none-eabi-objdump -h -S Stopky.elf  > "Stopky.list"
   text	   data	    bss	    dec	    hex	filename
   7988	     12	   1708	   9708	   25ec	Stopky.elf
Finished building: default.size.stdout
 
Finished building: Stopky.list
 
17:21:16 **** Incremental Build of configuration Debug for project Stopky ****
make -j4 all 
arm-none-eabi-size  Stopky.elf 
   text	   data	    bss	    dec	    hex	filename
   7988	     12	   1708	   9708	   25ec	Stopky.elf
Finished building: default.size.stdout
 
17:23:19 **** Incremental Build of configuration Debug for project Stopky ****
make -j4 all 
arm-none-eabi-gcc "../Core/Src/main.c" -mcpu=cortex-m0 -std=gnu11 -g3 -DDEBUG -DUSE_HAL_DRIVER -DSTM32F030x8 -c -I../Core/Inc -I../Drivers/STM32F0xx_HAL_Driver/Inc -I../Drivers/STM32F0xx_HAL_Driver/Inc/Legacy -I../Drivers/CMSIS/Device/ST/STM32F0xx/Include -I../Drivers/CMSIS/Include -O0 -ffunction-sections -fdata-sections -Wall -fstack-usage -fcyclomatic-complexity -MMD -MP -MF"Core/Src/main.d" -MT"Core/Src/main.o" --specs=nano.specs -mfloat-abi=soft -mthumb -o "Core/Src/main.o"
arm-none-eabi-gcc -o "Stopky.elf" @"objects.list"   -mcpu=cortex-m0 -T"C:\Temp\240612\MKS2024\Ukol3\Stopky\STM32F030R8TX_FLASH.ld" --specs=nosys.specs -Wl,-Map="Stopky.map" -Wl,--gc-sections -static --specs=nano.specs -mfloat-abi=soft -mthumb -Wl,--start-group -lc -lm -Wl,--end-group
Finished building target: Stopky.elf
 
arm-none-eabi-size  Stopky.elf 
arm-none-eabi-objdump -h -S Stopky.elf  > "Stopky.list"
   text	   data	    bss	    dec	    hex	filename
   7988	     12	   1708	   9708	   25ec	Stopky.elf
Finished building: default.size.stdout
 
Finished building: Stopky.list
 
17:23:22 **** Incremental Build of configuration Debug for project Stopky ****
make -j4 all 
arm-none-eabi-size  Stopky.elf 
   text	   data	    bss	    dec	    hex	filename
   7988	     12	   1708	   9708	   25ec	Stopky.elf
Finished building: default.size.stdout
 
17:27:47 **** Incremental Build of configuration Debug for project Stopky ****
make -j4 all 
arm-none-eabi-gcc "../Core/Src/main.c" -mcpu=cortex-m0 -std=gnu11 -g3 -DDEBUG -DUSE_HAL_DRIVER -DSTM32F030x8 -c -I../Core/Inc -I../Drivers/STM32F0xx_HAL_Driver/Inc -I../Drivers/STM32F0xx_HAL_Driver/Inc/Legacy -I../Drivers/CMSIS/Device/ST/STM32F0xx/Include -I../Drivers/CMSIS/Include -O0 -ffunction-sections -fdata-sections -Wall -fstack-usage -fcyclomatic-complexity -MMD -MP -MF"Core/Src/main.d" -MT"Core/Src/main.o" --specs=nano.specs -mfloat-abi=soft -mthumb -o "Core/Src/main.o"
arm-none-eabi-gcc -o "Stopky.elf" @"objects.list"   -mcpu=cortex-m0 -T"C:\Temp\240612\MKS2024\Ukol3\Stopky\STM32F030R8TX_FLASH.ld" --specs=nosys.specs -Wl,-Map="Stopky.map" -Wl,--gc-sections -static --specs=nano.specs -mfloat-abi=soft -mthumb -Wl,--start-group -lc -lm -Wl,--end-group
Finished building target: Stopky.elf
 
arm-none-eabi-size  Stopky.elf 
arm-none-eabi-objdump -h -S Stopky.elf  > "Stopky.list"
   text	   data	    bss	    dec	    hex	filename
   8148	     12	   1708	   9868	   268c	Stopky.elf
Finished building: default.size.stdout
 
Finished building: Stopky.list
 
17:27:49 **** Incremental Build of configuration Debug for project Stopky ****
make -j4 all 
arm-none-eabi-size  Stopky.elf 
   text	   data	    bss	    dec	    hex	filename
   8148	     12	   1708	   9868	   268c	Stopky.elf
Finished building: default.size.stdout
 
17:28:29 **** Incremental Build of configuration Debug for project Stopky ****
make -j4 all 
arm-none-eabi-gcc "../Core/Src/main.c" -mcpu=cortex-m0 -std=gnu11 -g3 -DDEBUG -DUSE_HAL_DRIVER -DSTM32F030x8 -c -I../Core/Inc -I../Drivers/STM32F0xx_HAL_Driver/Inc -I../Drivers/STM32F0xx_HAL_Driver/Inc/Legacy -I../Drivers/CMSIS/Device/ST/STM32F0xx/Include -I../Drivers/CMSIS/Include -O0 -ffunction-sections -fdata-sections -Wall -fstack-usage -fcyclomatic-complexity -MMD -MP -MF"Core/Src/main.d" -MT"Core/Src/main.o" --specs=nano.specs -mfloat-abi=soft -mthumb -o "Core/Src/main.o"
arm-none-eabi-gcc -o "Stopky.elf" @"objects.list"   -mcpu=cortex-m0 -T"C:\Temp\240612\MKS2024\Ukol3\Stopky\STM32F030R8TX_FLASH.ld" --specs=nosys.specs -Wl,-Map="Stopky.map" -Wl,--gc-sections -static --specs=nano.specs -mfloat-abi=soft -mthumb -Wl,--start-group -lc -lm -Wl,--end-group
Finished building target: Stopky.elf
 
arm-none-eabi-size  Stopky.elf 
arm-none-eabi-objdump -h -S Stopky.elf  > "Stopky.list"
   text	   data	    bss	    dec	    hex	filename
   8036	     12	   1708	   9756	   261c	Stopky.elf
Finished building: default.size.stdout
 
Finished building: Stopky.list
 
17:28:32 **** Incremental Build of configuration Debug for project Stopky ****
make -j4 all 
arm-none-eabi-size  Stopky.elf 
   text	   data	    bss	    dec	    hex	filename
   8036	     12	   1708	   9756	   261c	Stopky.elf
Finished building: default.size.stdout
 
17:29:50 **** Incremental Build of configuration Debug for project Stopky ****
make -j4 all 
arm-none-eabi-gcc "../Core/Src/main.c" -mcpu=cortex-m0 -std=gnu11 -g3 -DDEBUG -DUSE_HAL_DRIVER -DSTM32F030x8 -c -I../Core/Inc -I../Drivers/STM32F0xx_HAL_Driver/Inc -I../Drivers/STM32F0xx_HAL_Driver/Inc/Legacy -I../Drivers/CMSIS/Device/ST/STM32F0xx/Include -I../Drivers/CMSIS/Include -O0 -ffunction-sections -fdata-sections -Wall -fstack-usage -fcyclomatic-complexity -MMD -MP -MF"Core/Src/main.d" -MT"Core/Src/main.o" --specs=nano.specs -mfloat-abi=soft -mthumb -o "Core/Src/main.o"
arm-none-eabi-gcc -o "Stopky.elf" @"objects.list"   -mcpu=cortex-m0 -T"C:\Temp\240612\MKS2024\Ukol3\Stopky\STM32F030R8TX_FLASH.ld" --specs=nosys.specs -Wl,-Map="Stopky.map" -Wl,--gc-sections -static --specs=nano.specs -mfloat-abi=soft -mthumb -Wl,--start-group -lc -lm -Wl,--end-group
Finished building target: Stopky.elf
 
arm-none-eabi-size  Stopky.elf 
arm-none-eabi-objdump -h -S Stopky.elf  > "Stopky.list"
   text	   data	    bss	    dec	    hex	filename
   8036	     12	   1708	   9756	   261c	Stopky.elf
Finished building: default.size.stdout
 
Finished building: Stopky.list
 
17:29:53 **** Incremental Build of configuration Debug for project Stopky ****
make -j4 all 
arm-none-eabi-size  Stopky.elf 
   text	   data	    bss	    dec	    hex	filename
   8036	     12	   1708	   9756	   261c	Stopky.elf
Finished building: default.size.stdout
 
17:31:57 **** Incremental Build of configuration Debug for project Stopky ****
make -j4 all 
arm-none-eabi-gcc "../Core/Src/main.c" -mcpu=cortex-m0 -std=gnu11 -g3 -DDEBUG -DUSE_HAL_DRIVER -DSTM32F030x8 -c -I../Core/Inc -I../Drivers/STM32F0xx_HAL_Driver/Inc -I../Drivers/STM32F0xx_HAL_Driver/Inc/Legacy -I../Drivers/CMSIS/Device/ST/STM32F0xx/Include -I../Drivers/CMSIS/Include -O0 -ffunction-sections -fdata-sections -Wall -fstack-usage -fcyclomatic-complexity -MMD -MP -MF"Core/Src/main.d" -MT"Core/Src/main.o" --specs=nano.specs -mfloat-abi=soft -mthumb -o "Core/Src/main.o"
arm-none-eabi-gcc -o "Stopky.elf" @"objects.list"   -mcpu=cortex-m0 -T"C:\Temp\240612\MKS2024\Ukol3\Stopky\STM32F030R8TX_FLASH.ld" --specs=nosys.specs -Wl,-Map="Stopky.map" -Wl,--gc-sections -static --specs=nano.specs -mfloat-abi=soft -mthumb -Wl,--start-group -lc -lm -Wl,--end-group
Finished building target: Stopky.elf
 
arm-none-eabi-size  Stopky.elf 
arm-none-eabi-objdump -h -S Stopky.elf  > "Stopky.list"
   text	   data	    bss	    dec	    hex	filename
   8036	     12	   1708	   9756	   261c	Stopky.elf
Finished building: default.size.stdout
 
Finished building: Stopky.list
 
17:31:59 **** Incremental Build of configuration Debug for project Stopky ****
make -j4 all 
arm-none-eabi-size  Stopky.elf 
   text	   data	    bss	    dec	    hex	filename
   8036	     12	   1708	   9756	   261c	Stopky.elf
Finished building: default.size.stdout
 
17:37:09 **** Incremental Build of configuration Debug for project Stopky ****
make -j4 all 
arm-none-eabi-gcc "../Core/Src/main.c" -mcpu=cortex-m0 -std=gnu11 -g3 -DDEBUG -DUSE_HAL_DRIVER -DSTM32F030x8 -c -I../Core/Inc -I../Drivers/STM32F0xx_HAL_Driver/Inc -I../Drivers/STM32F0xx_HAL_Driver/Inc/Legacy -I../Drivers/CMSIS/Device/ST/STM32F0xx/Include -I../Drivers/CMSIS/Include -O0 -ffunction-sections -fdata-sections -Wall -fstack-usage -fcyclomatic-complexity -MMD -MP -MF"Core/Src/main.d" -MT"Core/Src/main.o" --specs=nano.specs -mfloat-abi=soft -mthumb -o "Core/Src/main.o"
arm-none-eabi-gcc -o "Stopky.elf" @"objects.list"   -mcpu=cortex-m0 -T"C:\Temp\240612\MKS2024\Ukol3\Stopky\STM32F030R8TX_FLASH.ld" --specs=nosys.specs -Wl,-Map="Stopky.map" -Wl,--gc-sections -static --specs=nano.specs -mfloat-abi=soft -mthumb -Wl,--start-group -lc -lm -Wl,--end-group
Finished building target: Stopky.elf
 
arm-none-eabi-size  Stopky.elf 
arm-none-eabi-objdump -h -S Stopky.elf  > "Stopky.list"
   text	   data	    bss	    dec	    hex	filename
   8084	     12	   1708	   9804	   264c	Stopky.elf
Finished building: default.size.stdout
 
Finished building: Stopky.list
 
17:37:12 **** Incremental Build of configuration Debug for project Stopky ****
make -j4 all 
arm-none-eabi-size  Stopky.elf 
   text	   data	    bss	    dec	    hex	filename
   8084	     12	   1708	   9804	   264c	Stopky.elf
Finished building: default.size.stdout
 
17:37:29 **** Incremental Build of configuration Debug for project Stopky ****
make -j4 all 
arm-none-eabi-gcc "../Core/Src/main.c" -mcpu=cortex-m0 -std=gnu11 -g3 -DDEBUG -DUSE_HAL_DRIVER -DSTM32F030x8 -c -I../Core/Inc -I../Drivers/STM32F0xx_HAL_Driver/Inc -I../Drivers/STM32F0xx_HAL_Driver/Inc/Legacy -I../Drivers/CMSIS/Device/ST/STM32F0xx/Include -I../Drivers/CMSIS/Include -O0 -ffunction-sections -fdata-sections -Wall -fstack-usage -fcyclomatic-complexity -MMD -MP -MF"Core/Src/main.d" -MT"Core/Src/main.o" --specs=nano.specs -mfloat-abi=soft -mthumb -o "Core/Src/main.o"
arm-none-eabi-gcc -o "Stopky.elf" @"objects.list"   -mcpu=cortex-m0 -T"C:\Temp\240612\MKS2024\Ukol3\Stopky\STM32F030R8TX_FLASH.ld" --specs=nosys.specs -Wl,-Map="Stopky.map" -Wl,--gc-sections -static --specs=nano.specs -mfloat-abi=soft -mthumb -Wl,--start-group -lc -lm -Wl,--end-group
Finished building target: Stopky.elf
 
arm-none-eabi-size  Stopky.elf 
arm-none-eabi-objdump -h -S Stopky.elf  > "Stopky.list"
   text	   data	    bss	    dec	    hex	filename
   8080	     12	   1708	   9800	   2648	Stopky.elf
Finished building: default.size.stdout
 
Finished building: Stopky.list
 
17:38:29 **** Incremental Build of configuration Debug for project Stopky ****
make -j4 all 
arm-none-eabi-gcc "../Core/Src/main.c" -mcpu=cortex-m0 -std=gnu11 -g3 -DDEBUG -DUSE_HAL_DRIVER -DSTM32F030x8 -c -I../Core/Inc -I../Drivers/STM32F0xx_HAL_Driver/Inc -I../Drivers/STM32F0xx_HAL_Driver/Inc/Legacy -I../Drivers/CMSIS/Device/ST/STM32F0xx/Include -I../Drivers/CMSIS/Include -O0 -ffunction-sections -fdata-sections -Wall -fstack-usage -fcyclomatic-complexity -MMD -MP -MF"Core/Src/main.d" -MT"Core/Src/main.o" --specs=nano.specs -mfloat-abi=soft -mthumb -o "Core/Src/main.o"
arm-none-eabi-gcc -o "Stopky.elf" @"objects.list"   -mcpu=cortex-m0 -T"C:\Temp\240612\MKS2024\Ukol3\Stopky\STM32F030R8TX_FLASH.ld" --specs=nosys.specs -Wl,-Map="Stopky.map" -Wl,--gc-sections -static --specs=nano.specs -mfloat-abi=soft -mthumb -Wl,--start-group -lc -lm -Wl,--end-group
Finished building target: Stopky.elf
 
arm-none-eabi-size  Stopky.elf 
arm-none-eabi-objdump -h -S Stopky.elf  > "Stopky.list"
   text	   data	    bss	    dec	    hex	filename
   8084	     12	   1708	   9804	   264c	Stopky.elf
Finished building: default.size.stdout
 
Finished building: Stopky.list
 
17:40:15 **** Incremental Build of configuration Debug for project Stopky ****
make -j4 all 
arm-none-eabi-gcc "../Core/Src/main.c" -mcpu=cortex-m0 -std=gnu11 -g3 -DDEBUG -DUSE_HAL_DRIVER -DSTM32F030x8 -c -I../Core/Inc -I../Drivers/STM32F0xx_HAL_Driver/Inc -I../Drivers/STM32F0xx_HAL_Driver/Inc/Legacy -I../Drivers/CMSIS/Device/ST/STM32F0xx/Include -I../Drivers/CMSIS/Include -O0 -ffunction-sections -fdata-sections -Wall -fstack-usage -fcyclomatic-complexity -MMD -MP -MF"Core/Src/main.d" -MT"Core/Src/main.o" --specs=nano.specs -mfloat-abi=soft -mthumb -o "Core/Src/main.o"
arm-none-eabi-gcc -o "Stopky.elf" @"objects.list"   -mcpu=cortex-m0 -T"C:\Temp\240612\MKS2024\Ukol3\Stopky\STM32F030R8TX_FLASH.ld" --specs=nosys.specs -Wl,-Map="Stopky.map" -Wl,--gc-sections -static --specs=nano.specs -mfloat-abi=soft -mthumb -Wl,--start-group -lc -lm -Wl,--end-group
Finished building target: Stopky.elf
 
arm-none-eabi-size  Stopky.elf 
arm-none-eabi-objdump -h -S Stopky.elf  > "Stopky.list"
   text	   data	    bss	    dec	    hex	filename
   8084	     12	   1708	   9804	   264c	Stopky.elf
Finished building: default.size.stdout
 
Finished building: Stopky.list
 
17:41:12 **** Incremental Build of configuration Debug for project Stopky ****
make -j4 all 
arm-none-eabi-gcc "../Core/Src/main.c" -mcpu=cortex-m0 -std=gnu11 -g3 -DDEBUG -DUSE_HAL_DRIVER -DSTM32F030x8 -c -I../Core/Inc -I../Drivers/STM32F0xx_HAL_Driver/Inc -I../Drivers/STM32F0xx_HAL_Driver/Inc/Legacy -I../Drivers/CMSIS/Device/ST/STM32F0xx/Include -I../Drivers/CMSIS/Include -O0 -ffunction-sections -fdata-sections -Wall -fstack-usage -fcyclomatic-complexity -MMD -MP -MF"Core/Src/main.d" -MT"Core/Src/main.o" --specs=nano.specs -mfloat-abi=soft -mthumb -o "Core/Src/main.o"
arm-none-eabi-gcc -o "Stopky.elf" @"objects.list"   -mcpu=cortex-m0 -T"C:\Temp\240612\MKS2024\Ukol3\Stopky\STM32F030R8TX_FLASH.ld" --specs=nosys.specs -Wl,-Map="Stopky.map" -Wl,--gc-sections -static --specs=nano.specs -mfloat-abi=soft -mthumb -Wl,--start-group -lc -lm -Wl,--end-group
Finished building target: Stopky.elf
 
arm-none-eabi-size  Stopky.elf 
arm-none-eabi-objdump -h -S Stopky.elf  > "Stopky.list"
   text	   data	    bss	    dec	    hex	filename
   8088	     12	   1708	   9808	   2650	Stopky.elf
Finished building: default.size.stdout
 
Finished building: Stopky.list
 
17:43:56 **** Incremental Build of configuration Debug for project Stopky ****
make -j4 all 
arm-none-eabi-gcc "../Core/Src/main.c" -mcpu=cortex-m0 -std=gnu11 -g3 -DDEBUG -DUSE_HAL_DRIVER -DSTM32F030x8 -c -I../Core/Inc -I../Drivers/STM32F0xx_HAL_Driver/Inc -I../Drivers/STM32F0xx_HAL_Driver/Inc/Legacy -I../Drivers/CMSIS/Device/ST/STM32F0xx/Include -I../Drivers/CMSIS/Include -O0 -ffunction-sections -fdata-sections -Wall -fstack-usage -fcyclomatic-complexity -MMD -MP -MF"Core/Src/main.d" -MT"Core/Src/main.o" --specs=nano.specs -mfloat-abi=soft -mthumb -o "Core/Src/main.o"
arm-none-eabi-gcc -o "Stopky.elf" @"objects.list"   -mcpu=cortex-m0 -T"C:\Temp\240612\MKS2024\Ukol3\Stopky\STM32F030R8TX_FLASH.ld" --specs=nosys.specs -Wl,-Map="Stopky.map" -Wl,--gc-sections -static --specs=nano.specs -mfloat-abi=soft -mthumb -Wl,--start-group -lc -lm -Wl,--end-group
Finished building target: Stopky.elf
 
arm-none-eabi-size  Stopky.elf 
arm-none-eabi-objdump -h -S Stopky.elf  > "Stopky.list"
   text	   data	    bss	    dec	    hex	filename
   8088	     12	   1708	   9808	   2650	Stopky.elf
Finished building: default.size.stdout
 
Finished building: Stopky.list
 
17:45:27 **** Incremental Build of configuration Debug for project Stopky ****
make -j4 all 
arm-none-eabi-gcc "../Core/Src/main.c" -mcpu=cortex-m0 -std=gnu11 -g3 -DDEBUG -DUSE_HAL_DRIVER -DSTM32F030x8 -c -I../Core/Inc -I../Drivers/STM32F0xx_HAL_Driver/Inc -I../Drivers/STM32F0xx_HAL_Driver/Inc/Legacy -I../Drivers/CMSIS/Device/ST/STM32F0xx/Include -I../Drivers/CMSIS/Include -O0 -ffunction-sections -fdata-sections -Wall -fstack-usage -fcyclomatic-complexity -MMD -MP -MF"Core/Src/main.d" -MT"Core/Src/main.o" --specs=nano.specs -mfloat-abi=soft -mthumb -o "Core/Src/main.o"
arm-none-eabi-gcc -o "Stopky.elf" @"objects.list"   -mcpu=cortex-m0 -T"C:\Temp\240612\MKS2024\Ukol3\Stopky\STM32F030R8TX_FLASH.ld" --specs=nosys.specs -Wl,-Map="Stopky.map" -Wl,--gc-sections -static --specs=nano.specs -mfloat-abi=soft -mthumb -Wl,--start-group -lc -lm -Wl,--end-group
Finished building target: Stopky.elf
 
arm-none-eabi-size  Stopky.elf 
arm-none-eabi-objdump -h -S Stopky.elf  > "Stopky.list"
   text	   data	    bss	    dec	    hex	filename
   8088	     12	   1708	   9808	   2650	Stopky.elf
Finished building: default.size.stdout
 
Finished building: Stopky.list
 
17:46:13 **** Incremental Build of configuration Debug for project Stopky ****
make -j4 all 
arm-none-eabi-gcc "../Core/Src/main.c" -mcpu=cortex-m0 -std=gnu11 -g3 -DDEBUG -DUSE_HAL_DRIVER -DSTM32F030x8 -c -I../Core/Inc -I../Drivers/STM32F0xx_HAL_Driver/Inc -I../Drivers/STM32F0xx_HAL_Driver/Inc/Legacy -I../Drivers/CMSIS/Device/ST/STM32F0xx/Include -I../Drivers/CMSIS/Include -O0 -ffunction-sections -fdata-sections -Wall -fstack-usage -fcyclomatic-complexity -MMD -MP -MF"Core/Src/main.d" -MT"Core/Src/main.o" --specs=nano.specs -mfloat-abi=soft -mthumb -o "Core/Src/main.o"
arm-none-eabi-gcc -o "Stopky.elf" @"objects.list"   -mcpu=cortex-m0 -T"C:\Temp\240612\MKS2024\Ukol3\Stopky\STM32F030R8TX_FLASH.ld" --specs=nosys.specs -Wl,-Map="Stopky.map" -Wl,--gc-sections -static --specs=nano.specs -mfloat-abi=soft -mthumb -Wl,--start-group -lc -lm -Wl,--end-group
Finished building target: Stopky.elf
 
arm-none-eabi-size  Stopky.elf 
arm-none-eabi-objdump -h -S Stopky.elf  > "Stopky.list"
   text	   data	    bss	    dec	    hex	filename
   8108	     12	   1708	   9828	   2664	Stopky.elf
Finished building: default.size.stdout
 
Finished building: Stopky.list
 
17:46:25 **** Incremental Build of configuration Debug for project Stopky ****
make -j4 all 
arm-none-eabi-size  Stopky.elf 
   text	   data	    bss	    dec	    hex	filename
   8108	     12	   1708	   9828	   2664	Stopky.elf
Finished building: default.size.stdout
 
17:47:43 **** Incremental Build of configuration Debug for project Stopky ****
make -j4 all 
arm-none-eabi-gcc "../Core/Src/main.c" -mcpu=cortex-m0 -std=gnu11 -g3 -DDEBUG -DUSE_HAL_DRIVER -DSTM32F030x8 -c -I../Core/Inc -I../Drivers/STM32F0xx_HAL_Driver/Inc -I../Drivers/STM32F0xx_HAL_Driver/Inc/Legacy -I../Drivers/CMSIS/Device/ST/STM32F0xx/Include -I../Drivers/CMSIS/Include -O0 -ffunction-sections -fdata-sections -Wall -fstack-usage -fcyclomatic-complexity -MMD -MP -MF"Core/Src/main.d" -MT"Core/Src/main.o" --specs=nano.specs -mfloat-abi=soft -mthumb -o "Core/Src/main.o"
arm-none-eabi-gcc -o "Stopky.elf" @"objects.list"   -mcpu=cortex-m0 -T"C:\Temp\240612\MKS2024\Ukol3\Stopky\STM32F030R8TX_FLASH.ld" --specs=nosys.specs -Wl,-Map="Stopky.map" -Wl,--gc-sections -static --specs=nano.specs -mfloat-abi=soft -mthumb -Wl,--start-group -lc -lm -Wl,--end-group
Finished building target: Stopky.elf
 
arm-none-eabi-size  Stopky.elf 
arm-none-eabi-objdump -h -S Stopky.elf  > "Stopky.list"
   text	   data	    bss	    dec	    hex	filename
   8116	     12	   1708	   9836	   266c	Stopky.elf
Finished building: default.size.stdout
 
Finished building: Stopky.list
 
17:47:46 **** Incremental Build of configuration Debug for project Stopky ****
make -j4 all 
arm-none-eabi-size  Stopky.elf 
   text	   data	    bss	    dec	    hex	filename
   8116	     12	   1708	   9836	   266c	Stopky.elf
Finished building: default.size.stdout
 
17:49:49 **** Incremental Build of configuration Debug for project Stopky ****
make -j4 all 
arm-none-eabi-gcc "../Core/Src/main.c" -mcpu=cortex-m0 -std=gnu11 -g3 -DDEBUG -DUSE_HAL_DRIVER -DSTM32F030x8 -c -I../Core/Inc -I../Drivers/STM32F0xx_HAL_Driver/Inc -I../Drivers/STM32F0xx_HAL_Driver/Inc/Legacy -I../Drivers/CMSIS/Device/ST/STM32F0xx/Include -I../Drivers/CMSIS/Include -O0 -ffunction-sections -fdata-sections -Wall -fstack-usage -fcyclomatic-complexity -MMD -MP -MF"Core/Src/main.d" -MT"Core/Src/main.o" --specs=nano.specs -mfloat-abi=soft -mthumb -o "Core/Src/main.o"
arm-none-eabi-gcc -o "Stopky.elf" @"objects.list"   -mcpu=cortex-m0 -T"C:\Temp\240612\MKS2024\Ukol3\Stopky\STM32F030R8TX_FLASH.ld" --specs=nosys.specs -Wl,-Map="Stopky.map" -Wl,--gc-sections -static --specs=nano.specs -mfloat-abi=soft -mthumb -Wl,--start-group -lc -lm -Wl,--end-group
Finished building target: Stopky.elf
 
arm-none-eabi-size  Stopky.elf 
arm-none-eabi-objdump -h -S Stopky.elf  > "Stopky.list"
   text	   data	    bss	    dec	    hex	filename
   8124	     12	   1708	   9844	   2674	Stopky.elf
Finished building: default.size.stdout
 
Finished building: Stopky.list
 
17:49:56 **** Incremental Build of configuration Debug for project Stopky ****
make -j4 all 
arm-none-eabi-size  Stopky.elf 
   text	   data	    bss	    dec	    hex	filename
   8124	     12	   1708	   9844	   2674	Stopky.elf
Finished building: default.size.stdout
 
17:51:01 **** Incremental Build of configuration Debug for project Stopky ****
make -j4 all 
arm-none-eabi-gcc "../Core/Src/main.c" -mcpu=cortex-m0 -std=gnu11 -g3 -DDEBUG -DUSE_HAL_DRIVER -DSTM32F030x8 -c -I../Core/Inc -I../Drivers/STM32F0xx_HAL_Driver/Inc -I../Drivers/STM32F0xx_HAL_Driver/Inc/Legacy -I../Drivers/CMSIS/Device/ST/STM32F0xx/Include -I../Drivers/CMSIS/Include -O0 -ffunction-sections -fdata-sections -Wall -fstack-usage -fcyclomatic-complexity -MMD -MP -MF"Core/Src/main.d" -MT"Core/Src/main.o" --specs=nano.specs -mfloat-abi=soft -mthumb -o "Core/Src/main.o"
arm-none-eabi-gcc -o "Stopky.elf" @"objects.list"   -mcpu=cortex-m0 -T"C:\Temp\240612\MKS2024\Ukol3\Stopky\STM32F030R8TX_FLASH.ld" --specs=nosys.specs -Wl,-Map="Stopky.map" -Wl,--gc-sections -static --specs=nano.specs -mfloat-abi=soft -mthumb -Wl,--start-group -lc -lm -Wl,--end-group
Finished building target: Stopky.elf
 
arm-none-eabi-size  Stopky.elf 
arm-none-eabi-objdump -h -S Stopky.elf  > "Stopky.list"
   text	   data	    bss	    dec	    hex	filename
   8124	     12	   1708	   9844	   2674	Stopky.elf
Finished building: default.size.stdout
 
Finished building: Stopky.list
 
17:51:05 **** Incremental Build of configuration Debug for project Stopky ****
make -j4 all 
arm-none-eabi-size  Stopky.elf 
   text	   data	    bss	    dec	    hex	filename
   8124	     12	   1708	   9844	   2674	Stopky.elf
Finished building: default.size.stdout
 
18:00:30 **** Incremental Build of configuration Debug for project Stopky ****
make -j4 all 
arm-none-eabi-gcc "../Core/Src/main.c" -mcpu=cortex-m0 -std=gnu11 -g3 -DDEBUG -DUSE_HAL_DRIVER -DSTM32F030x8 -c -I../Core/Inc -I../Drivers/STM32F0xx_HAL_Driver/Inc -I../Drivers/STM32F0xx_HAL_Driver/Inc/Legacy -I../Drivers/CMSIS/Device/ST/STM32F0xx/Include -I../Drivers/CMSIS/Include -O0 -ffunction-sections -fdata-sections -Wall -fstack-usage -fcyclomatic-complexity -MMD -MP -MF"Core/Src/main.d" -MT"Core/Src/main.o" --specs=nano.specs -mfloat-abi=soft -mthumb -o "Core/Src/main.o"
arm-none-eabi-gcc -o "Stopky.elf" @"objects.list"   -mcpu=cortex-m0 -T"C:\Temp\240612\MKS2024\Ukol3\Stopky\STM32F030R8TX_FLASH.ld" --specs=nosys.specs -Wl,-Map="Stopky.map" -Wl,--gc-sections -static --specs=nano.specs -mfloat-abi=soft -mthumb -Wl,--start-group -lc -lm -Wl,--end-group
Finished building target: Stopky.elf
 
arm-none-eabi-size  Stopky.elf 
arm-none-eabi-objdump -h -S Stopky.elf  > "Stopky.list"
   text	   data	    bss	    dec	    hex	filename
   8124	     12	   1708	   9844	   2674	Stopky.elf
Finished building: default.size.stdout
 
Finished building: Stopky.list
 
18:00:33 **** Incremental Build of configuration Debug for project Stopky ****
make -j4 all 
arm-none-eabi-size  Stopky.elf 
   text	   data	    bss	    dec	    hex	filename
   8124	     12	   1708	   9844	   2674	Stopky.elf
Finished building: default.size.stdout
 
18:00:54 **** Incremental Build of configuration Debug for project Stopky ****
make -j4 all 
arm-none-eabi-gcc "../Core/Src/main.c" -mcpu=cortex-m0 -std=gnu11 -g3 -DDEBUG -DUSE_HAL_DRIVER -DSTM32F030x8 -c -I../Core/Inc -I../Drivers/STM32F0xx_HAL_Driver/Inc -I../Drivers/STM32F0xx_HAL_Driver/Inc/Legacy -I../Drivers/CMSIS/Device/ST/STM32F0xx/Include -I../Drivers/CMSIS/Include -O0 -ffunction-sections -fdata-sections -Wall -fstack-usage -fcyclomatic-complexity -MMD -MP -MF"Core/Src/main.d" -MT"Core/Src/main.o" --specs=nano.specs -mfloat-abi=soft -mthumb -o "Core/Src/main.o"
arm-none-eabi-gcc -o "Stopky.elf" @"objects.list"   -mcpu=cortex-m0 -T"C:\Temp\240612\MKS2024\Ukol3\Stopky\STM32F030R8TX_FLASH.ld" --specs=nosys.specs -Wl,-Map="Stopky.map" -Wl,--gc-sections -static --specs=nano.specs -mfloat-abi=soft -mthumb -Wl,--start-group -lc -lm -Wl,--end-group
Finished building target: Stopky.elf
 
arm-none-eabi-size  Stopky.elf 
arm-none-eabi-objdump -h -S Stopky.elf  > "Stopky.list"
   text	   data	    bss	    dec	    hex	filename
   8124	     12	   1708	   9844	   2674	Stopky.elf
Finished building: default.size.stdout
 
Finished building: Stopky.list
 
18:01:00 **** Incremental Build of configuration Debug for project Stopky ****
make -j4 all 
arm-none-eabi-size  Stopky.elf 
   text	   data	    bss	    dec	    hex	filename
   8124	     12	   1708	   9844	   2674	Stopky.elf
Finished building: default.size.stdout
 
18:02:03 **** Incremental Build of configuration Debug for project Stopky ****
make -j4 all 
arm-none-eabi-gcc "../Core/Src/main.c" -mcpu=cortex-m0 -std=gnu11 -g3 -DDEBUG -DUSE_HAL_DRIVER -DSTM32F030x8 -c -I../Core/Inc -I../Drivers/STM32F0xx_HAL_Driver/Inc -I../Drivers/STM32F0xx_HAL_Driver/Inc/Legacy -I../Drivers/CMSIS/Device/ST/STM32F0xx/Include -I../Drivers/CMSIS/Include -O0 -ffunction-sections -fdata-sections -Wall -fstack-usage -fcyclomatic-complexity -MMD -MP -MF"Core/Src/main.d" -MT"Core/Src/main.o" --specs=nano.specs -mfloat-abi=soft -mthumb -o "Core/Src/main.o"
arm-none-eabi-gcc -o "Stopky.elf" @"objects.list"   -mcpu=cortex-m0 -T"C:\Temp\240612\MKS2024\Ukol3\Stopky\STM32F030R8TX_FLASH.ld" --specs=nosys.specs -Wl,-Map="Stopky.map" -Wl,--gc-sections -static --specs=nano.specs -mfloat-abi=soft -mthumb -Wl,--start-group -lc -lm -Wl,--end-group
Finished building target: Stopky.elf
 
arm-none-eabi-size  Stopky.elf 
arm-none-eabi-objdump -h -S Stopky.elf  > "Stopky.list"
   text	   data	    bss	    dec	    hex	filename
   8124	     12	   1708	   9844	   2674	Stopky.elf
Finished building: default.size.stdout
 
Finished building: Stopky.list
 
