2024-12-11 07:52:34,285 [INFO] Activator:176 - 


2024-12-11 07:52:34,301 [INFO] Activator:177 - !SESSION log4j initialized
2024-12-11 07:52:42,371 [INFO] LogOutputStream:77 - [STDOUT_REDIRECT] 
2024-12-11 07:52:44,318 [INFO] ApplicationProperties:184 - Using Application install path: C:\appz\ST\STM32CubeIDE_1.10.1\STM32CubeIDE\plugins\com.st.stm32cube.common.mx_6.12.0.202406281431
2024-12-11 07:52:44,357 [INFO] DbMcusXml:78 - Set database path to: C:\appz\ST\STM32CubeIDE_1.10.1\STM32CubeIDE\plugins\com.st.stm32cube.common.mx_6.12.0.202406281431\\db\/mcu/
2024-12-11 07:52:44,358 [INFO] ApiDb:274 - Set plugin database path to: C:\appz\ST\STM32CubeIDE_1.10.1\STM32CubeIDE\plugins\com.st.stm32cube.common.mx_6.12.0.202406281431\\db\/plugins/boardmanager/
2024-12-11 07:52:44,359 [WARN] ApiDb:259 - Overriding images path with different value:  => C:\appz\ST\STM32CubeIDE_1.10.1\STM32CubeIDE\plugins\com.st.stm32cube.common.mx_6.12.0.202406281431\\db\/plugins/mcufinder/images/
2024-12-11 07:52:44,378 [INFO] ApiDb:250 - Set database path to: C:\Users\240612\.stmcufinder\plugins\mcufinder//mcu/
2024-12-11 07:52:44,380 [INFO] DbMcusAds:125 - Set database path to: C:\Users\240612\.stmcufinder\plugins\mcufinder//mcu/
2024-12-11 07:52:44,383 [INFO] CrossReferenceDbSqlite:203 - Set database path to: C:\Users\240612\.stmcufinder\plugins\mcufinder//mcu/cs/
2024-12-11 07:52:44,575 [INFO] RulesReader:64 - Compatibility file has been processed (297 Rules)
2024-12-11 07:52:44,791 [INFO] DbMcusXml:78 - Set database path to: C:\appz\ST\STM32CubeIDE_1.10.1\STM32CubeIDE\plugins\com.st.stm32cube.common.mx_6.12.0.202406281431\\db\/mcu/
2024-12-11 07:52:44,791 [INFO] ApiDb:274 - Set plugin database path to: C:\appz\ST\STM32CubeIDE_1.10.1\STM32CubeIDE\plugins\com.st.stm32cube.common.mx_6.12.0.202406281431\\db\/plugins/boardmanager/
2024-12-11 07:52:44,791 [INFO] ApiDb:261 - Set plugin images path to: C:\appz\ST\STM32CubeIDE_1.10.1\STM32CubeIDE\plugins\com.st.stm32cube.common.mx_6.12.0.202406281431\\db\/plugins/mcufinder/images/
2024-12-11 07:52:44,791 [WARN] DbFile:41 - Overriding database path with different value: C:\Users\240612\.stmcufinder\plugins\mcufinder/ => C:\Users\240612\.stmcufinder\plugins\mcufinder
2024-12-11 07:52:44,791 [INFO] ApiDb:250 - Set database path to: C:\Users\240612\.stmcufinder\plugins\mcufinder//mcu/
2024-12-11 07:52:44,791 [WARN] DbFile:41 - Overriding database path with different value: C:\Users\240612\.stmcufinder\plugins\mcufinder/ => C:\Users\240612\.stmcufinder\plugins\mcufinder
2024-12-11 07:52:44,792 [INFO] DbMcusAds:125 - Set database path to: C:\Users\240612\.stmcufinder\plugins\mcufinder//mcu/
2024-12-11 07:52:44,792 [WARN] DbFile:41 - Overriding database path with different value: C:\Users\240612\.stmcufinder\plugins\mcufinder/ => C:\Users\240612\.stmcufinder\plugins\mcufinder
2024-12-11 07:52:44,792 [WARN] DbFile:41 - Overriding database path with different value: C:\Users\240612\.stmcufinder\plugins\mcufinder/ => C:\Users\240612\.stmcufinder\plugins\mcufinder
2024-12-11 07:52:44,792 [INFO] CrossReferenceDbSqlite:203 - Set database path to: C:\Users\240612\.stmcufinder\plugins\mcufinder//mcu/cs/
2024-12-11 07:52:44,945 [INFO] MainPanel:268 - HeapMemory: 268435456
2024-12-11 07:52:45,085 [INFO] DbMcusXml:78 - Set database path to: C:\appz\ST\STM32CubeIDE_1.10.1\STM32CubeIDE\plugins\com.st.stm32cube.common.mx_6.12.0.202406281431\\db\/mcu/
2024-12-11 07:52:45,085 [INFO] ApiDb:274 - Set plugin database path to: C:\appz\ST\STM32CubeIDE_1.10.1\STM32CubeIDE\plugins\com.st.stm32cube.common.mx_6.12.0.202406281431\\db\/plugins/boardmanager/
2024-12-11 07:52:45,085 [INFO] ApiDb:261 - Set plugin images path to: C:\appz\ST\STM32CubeIDE_1.10.1\STM32CubeIDE\plugins\com.st.stm32cube.common.mx_6.12.0.202406281431\\db\/plugins/mcufinder/images/
2024-12-11 07:52:45,086 [WARN] DbFile:41 - Overriding database path with different value: C:\Users\240612\.stmcufinder\plugins\mcufinder/ => C:\Users\240612\.stmcufinder\plugins\mcufinder
2024-12-11 07:52:45,086 [INFO] ApiDb:250 - Set database path to: C:\Users\240612\.stmcufinder\plugins\mcufinder//mcu/
2024-12-11 07:52:45,086 [WARN] DbFile:41 - Overriding database path with different value: C:\Users\240612\.stmcufinder\plugins\mcufinder/ => C:\Users\240612\.stmcufinder\plugins\mcufinder
2024-12-11 07:52:45,086 [INFO] DbMcusAds:125 - Set database path to: C:\Users\240612\.stmcufinder\plugins\mcufinder//mcu/
2024-12-11 07:52:45,086 [WARN] DbFile:41 - Overriding database path with different value: C:\Users\240612\.stmcufinder\plugins\mcufinder/ => C:\Users\240612\.stmcufinder\plugins\mcufinder
2024-12-11 07:52:45,087 [WARN] DbFile:41 - Overriding database path with different value: C:\Users\240612\.stmcufinder\plugins\mcufinder/ => C:\Users\240612\.stmcufinder\plugins\mcufinder
2024-12-11 07:52:45,087 [INFO] CrossReferenceDbSqlite:203 - Set database path to: C:\Users\240612\.stmcufinder\plugins\mcufinder//mcu/cs/
2024-12-11 07:52:45,112 [INFO] ApplicationProperties:184 - Using Application install path: C:\appz\ST\STM32CubeIDE_1.10.1\STM32CubeIDE\plugins\com.st.stm32cube.common.mx_6.12.0.202406281431
2024-12-11 07:52:45,117 [INFO] PluginManage:196 - Search for loadable plugins [exclusion list=, ]
2024-12-11 07:52:45,119 [INFO] PluginManage:310 - Check plugin analytics
2024-12-11 07:52:45,322 [INFO] AnalyticsPlugin:253 - Accepted Software Licenses: 
2024-12-11 07:52:45,322 [INFO] AnalyticsPlugin:255 - Accepted CMSIS Pack Licenses: 
2024-12-11 07:52:45,322 [INFO] AnalyticsPlugin:257 - Accepted Firmware Licenses: FW.F4.1.28.0
2024-12-11 07:52:45,326 [INFO] PluginManage:359 - Loaded plugin analytics (category:tool,tabindex:-1)
2024-12-11 07:52:45,326 [INFO] PluginManage:310 - Check plugin cadmodel
2024-12-11 07:52:45,354 [INFO] CADModel:105 - Init CAD model plugin
2024-12-11 07:52:45,354 [INFO] PluginManage:359 - Loaded plugin cadmodel (category:power,tabindex:5)
2024-12-11 07:52:45,355 [INFO] PluginManage:310 - Check plugin clock
2024-12-11 07:52:45,369 [INFO] PluginManage:359 - Loaded plugin clock (category:base,tabindex:2)
2024-12-11 07:52:45,369 [INFO] PluginManage:310 - Check plugin ddr
2024-12-11 07:52:45,373 [INFO] PluginManage:359 - Loaded plugin ddr (category:tool,tabindex:6)
2024-12-11 07:52:45,373 [INFO] PluginManage:310 - Check plugin filemanager
2024-12-11 07:52:45,576 [INFO] PluginManage:359 - Loaded plugin filemanager (category:base,tabindex:10)
2024-12-11 07:52:45,576 [INFO] PluginManage:310 - Check plugin ipmanager
2024-12-11 07:52:45,587 [INFO] PluginManage:359 - Loaded plugin ipmanager (category:base,tabindex:5)
2024-12-11 07:52:45,587 [INFO] PluginManage:310 - Check plugin lpbam
2024-12-11 07:52:45,601 [INFO] PluginManage:359 - Loaded plugin lpbam (category:base,tabindex:0)
2024-12-11 07:52:45,602 [INFO] PluginManage:310 - Check plugin memorymap
2024-12-11 07:52:45,628 [INFO] PluginManage:359 - Loaded plugin memorymap (category:base,tabindex:4)
2024-12-11 07:52:45,628 [INFO] PluginManage:310 - Check plugin pinoutandconfiguration
2024-12-11 07:52:45,644 [INFO] PluginManage:359 - Loaded plugin pinoutandconfiguration (category:base,tabindex:1)
2024-12-11 07:52:45,644 [INFO] PluginManage:310 - Check plugin pinoutconfig
2024-12-11 07:52:45,783 [WARN] SupportedApi:132 - Cannot load RTOS API schema: s4s-elt-must-match.1: The content of 'definitions' must match (annotation?, (simpleType | complexType)?, (unique | key | keyref)*)). A problem was found starting at: attribute.
2024-12-11 07:52:46,192 [INFO] PluginManage:359 - Loaded plugin pinoutconfig (category:base,tabindex:0)
2024-12-11 07:52:46,193 [INFO] PluginManage:310 - Check plugin power
2024-12-11 07:52:46,269 [INFO] PluginManage:359 - Loaded plugin power (category:power,tabindex:4)
2024-12-11 07:52:46,269 [INFO] PluginManage:310 - Check plugin projectmanager
2024-12-11 07:52:46,308 [INFO] PluginManage:359 - Loaded plugin projectmanager (category:projectmanager,tabindex:4)
2024-12-11 07:52:46,308 [INFO] PluginManage:310 - Check plugin rif
2024-12-11 07:52:46,318 [INFO] PluginManage:359 - Loaded plugin rif (category:base,tabindex:3)
2024-12-11 07:52:46,319 [INFO] PluginManage:310 - Check plugin thirdparty
2024-12-11 07:52:46,527 [INFO] PluginManage:359 - Loaded plugin thirdparty (category:base,tabindex:-1)
2024-12-11 07:52:46,528 [INFO] PluginManage:310 - Check plugin tools
2024-12-11 07:52:46,528 [WARN] IntegrityCheckThread:84 - waiting for thirdparty lock release [integrity check]
2024-12-11 07:52:46,531 [INFO] IntegrityCheckThread:86 - entering critical section [integrity check]
2024-12-11 07:52:46,531 [INFO] ThirdPartyUpdaterWithRetryManager:70 - Updater plugin not ready yet. [1/15]
2024-12-11 07:52:46,531 [INFO] PluginManage:359 - Loaded plugin tools (category:base,tabindex:7)
2024-12-11 07:52:46,532 [INFO] PluginManage:310 - Check plugin tutovideos
2024-12-11 07:52:46,765 [INFO] PluginManage:359 - Loaded plugin tutovideos (category:base,tabindex:-1)
2024-12-11 07:52:46,765 [INFO] PluginManage:310 - Check plugin updater
2024-12-11 07:52:46,795 [INFO] PluginManage:359 - Loaded plugin updater (category:base,tabindex:12)
2024-12-11 07:52:46,795 [INFO] PluginManage:310 - Check plugin userauth
2024-12-11 07:52:46,803 [INFO] UserAuth:113 - Init User Auth plugin
2024-12-11 07:52:46,803 [INFO] PluginManage:359 - Loaded plugin userauth (category:base,tabindex:14)
2024-12-11 07:52:46,804 [INFO] PluginManage:283 - PluginManage : Loaded plugins [18]
2024-12-11 07:52:47,089 [INFO] PinOutPanel:1561 - setPackage(No Configuration,No Configuration)
2024-12-11 07:52:47,206 [INFO] CADModel:165 - CPN selected for project level
2024-12-11 07:52:47,206 [INFO] CADModel:114 - Register for checkConnection events
2024-12-11 07:52:47,229 [INFO] IPUIPlugin:80 - create IPUIPlugin
2024-12-11 07:52:47,229 [INFO] PluginManager:220 - loadIPPluginJar : add adc
2024-12-11 07:52:47,234 [INFO] IPUIPlugin:80 - create IPUIPlugin
2024-12-11 07:52:47,234 [INFO] PluginManager:220 - loadIPPluginJar : add aes
2024-12-11 07:52:47,238 [INFO] IPUIPlugin:80 - create IPUIPlugin
2024-12-11 07:52:47,239 [INFO] PluginManager:220 - loadIPPluginJar : add can
2024-12-11 07:52:47,241 [INFO] IPUIPlugin:80 - create IPUIPlugin
2024-12-11 07:52:47,241 [INFO] PluginManager:220 - loadIPPluginJar : add comp
2024-12-11 07:52:47,245 [INFO] IPUIPlugin:80 - create IPUIPlugin
2024-12-11 07:52:47,245 [INFO] PluginManager:220 - loadIPPluginJar : add cryp
2024-12-11 07:52:47,250 [INFO] IPUIPlugin:80 - create IPUIPlugin
2024-12-11 07:52:47,250 [INFO] PluginManager:220 - loadIPPluginJar : add ddr_ctrl_phy
2024-12-11 07:52:47,253 [INFO] IPUIPlugin:80 - create IPUIPlugin
2024-12-11 07:52:47,253 [INFO] PluginManager:220 - loadIPPluginJar : add dfsdm
2024-12-11 07:52:47,259 [INFO] IPUIPlugin:80 - create IPUIPlugin
2024-12-11 07:52:47,260 [INFO] PluginManager:220 - loadIPPluginJar : add dma
2024-12-11 07:52:47,265 [INFO] IPUIPlugin:80 - create IPUIPlugin
2024-12-11 07:52:47,265 [INFO] PluginManager:220 - loadIPPluginJar : add dma3
2024-12-11 07:52:47,269 [INFO] IPUIPlugin:80 - create IPUIPlugin
2024-12-11 07:52:47,270 [INFO] PluginManager:220 - loadIPPluginJar : add extmemmanager
2024-12-11 07:52:47,272 [INFO] IPUIPlugin:80 - create IPUIPlugin
2024-12-11 07:52:47,273 [INFO] PluginManager:220 - loadIPPluginJar : add fatfs
2024-12-11 07:52:47,279 [INFO] IPUIPlugin:80 - create IPUIPlugin
2024-12-11 07:52:47,280 [INFO] PluginManager:220 - loadIPPluginJar : add fmc
2024-12-11 07:52:47,287 [INFO] IPUIPlugin:80 - create IPUIPlugin
2024-12-11 07:52:47,287 [INFO] PluginManager:220 - loadIPPluginJar : add freertos
2024-12-11 07:52:47,290 [INFO] IPUIPlugin:80 - create IPUIPlugin
2024-12-11 07:52:47,290 [INFO] PluginManager:220 - loadIPPluginJar : add genericplugin
2024-12-11 07:52:47,294 [INFO] IPUIPlugin:80 - create IPUIPlugin
2024-12-11 07:52:47,294 [INFO] PluginManager:220 - loadIPPluginJar : add gfxmmu
2024-12-11 07:52:47,300 [INFO] IPUIPlugin:80 - create IPUIPlugin
2024-12-11 07:52:47,300 [INFO] PluginManager:220 - loadIPPluginJar : add gic
2024-12-11 07:52:47,306 [INFO] IPUIPlugin:80 - create IPUIPlugin
2024-12-11 07:52:47,306 [INFO] PluginManager:220 - loadIPPluginJar : add gpio
2024-12-11 07:52:47,310 [INFO] IPUIPlugin:80 - create IPUIPlugin
2024-12-11 07:52:47,310 [INFO] PluginManager:220 - loadIPPluginJar : add gtzc
2024-12-11 07:52:47,314 [INFO] IPUIPlugin:80 - create IPUIPlugin
2024-12-11 07:52:47,314 [INFO] PluginManager:220 - loadIPPluginJar : add hash
2024-12-11 07:52:47,319 [INFO] IPUIPlugin:80 - create IPUIPlugin
2024-12-11 07:52:47,319 [INFO] PluginManager:220 - loadIPPluginJar : add i2c
2024-12-11 07:52:47,323 [INFO] IPUIPlugin:80 - create IPUIPlugin
2024-12-11 07:52:47,323 [INFO] PluginManager:220 - loadIPPluginJar : add i2s
2024-12-11 07:52:47,327 [INFO] IPUIPlugin:80 - create IPUIPlugin
2024-12-11 07:52:47,328 [INFO] PluginManager:220 - loadIPPluginJar : add i3c
2024-12-11 07:52:47,331 [INFO] IPUIPlugin:80 - create IPUIPlugin
2024-12-11 07:52:47,332 [INFO] PluginManager:220 - loadIPPluginJar : add ipddr
2024-12-11 07:52:47,340 [INFO] IPUIPlugin:80 - create IPUIPlugin
2024-12-11 07:52:47,341 [INFO] PluginManager:220 - loadIPPluginJar : add linkedlist
2024-12-11 07:52:47,345 [INFO] IPUIPlugin:80 - create IPUIPlugin
2024-12-11 07:52:47,345 [INFO] PluginManager:220 - loadIPPluginJar : add lorawan
2024-12-11 07:52:47,347 [INFO] IPUIPlugin:80 - create IPUIPlugin
2024-12-11 07:52:47,347 [INFO] PluginManager:220 - loadIPPluginJar : add ltdc
2024-12-11 07:52:47,353 [INFO] IPUIPlugin:80 - create IPUIPlugin
2024-12-11 07:52:47,354 [INFO] PluginManager:220 - loadIPPluginJar : add mdma
2024-12-11 07:52:47,358 [INFO] IPUIPlugin:80 - create IPUIPlugin
2024-12-11 07:52:47,358 [INFO] PluginManager:220 - loadIPPluginJar : add nvic
2024-12-11 07:52:47,362 [INFO] IPUIPlugin:80 - create IPUIPlugin
2024-12-11 07:52:47,362 [INFO] PluginManager:220 - loadIPPluginJar : add opamp
2024-12-11 07:52:47,366 [INFO] IPUIPlugin:80 - create IPUIPlugin
2024-12-11 07:52:47,366 [INFO] PluginManager:220 - loadIPPluginJar : add openamp
2024-12-11 07:52:47,370 [INFO] IPUIPlugin:80 - create IPUIPlugin
2024-12-11 07:52:47,370 [INFO] PluginManager:220 - loadIPPluginJar : add pdm2pcm
2024-12-11 07:52:47,377 [INFO] IPUIPlugin:80 - create IPUIPlugin
2024-12-11 07:52:47,380 [INFO] PluginManager:220 - loadIPPluginJar : add plateformsettings
2024-12-11 07:52:47,382 [INFO] IPUIPlugin:80 - create IPUIPlugin
2024-12-11 07:52:47,382 [INFO] PluginManager:220 - loadIPPluginJar : add quadspi
2024-12-11 07:52:47,385 [INFO] IPUIPlugin:80 - create IPUIPlugin
2024-12-11 07:52:47,386 [INFO] PluginManager:220 - loadIPPluginJar : add radio
2024-12-11 07:52:47,391 [INFO] IPUIPlugin:80 - create IPUIPlugin
2024-12-11 07:52:47,391 [INFO] PluginManager:220 - loadIPPluginJar : add resmgrutility
2024-12-11 07:52:47,395 [INFO] IPUIPlugin:80 - create IPUIPlugin
2024-12-11 07:52:47,396 [INFO] PluginManager:220 - loadIPPluginJar : add sai
2024-12-11 07:52:47,399 [INFO] IPUIPlugin:80 - create IPUIPlugin
2024-12-11 07:52:47,400 [INFO] PluginManager:220 - loadIPPluginJar : add spi
2024-12-11 07:52:47,406 [INFO] IPUIPlugin:80 - create IPUIPlugin
2024-12-11 07:52:47,406 [INFO] PluginManager:220 - loadIPPluginJar : add stm32_wpan
2024-12-11 07:52:47,409 [INFO] IPUIPlugin:80 - create IPUIPlugin
2024-12-11 07:52:47,409 [INFO] PluginManager:220 - loadIPPluginJar : add tim
2024-12-11 07:52:47,415 [INFO] IPUIPlugin:80 - create IPUIPlugin
2024-12-11 07:52:47,415 [INFO] PluginManager:220 - loadIPPluginJar : add touchsensing
2024-12-11 07:52:47,419 [INFO] IPUIPlugin:80 - create IPUIPlugin
2024-12-11 07:52:47,420 [INFO] PluginManager:220 - loadIPPluginJar : add tracer_emb
2024-12-11 07:52:47,423 [INFO] IPUIPlugin:80 - create IPUIPlugin
2024-12-11 07:52:47,423 [INFO] PluginManager:220 - loadIPPluginJar : add ts
2024-12-11 07:52:47,426 [INFO] IPUIPlugin:80 - create IPUIPlugin
2024-12-11 07:52:47,427 [INFO] PluginManager:220 - loadIPPluginJar : add tsc
2024-12-11 07:52:47,433 [INFO] IPUIPlugin:80 - create IPUIPlugin
2024-12-11 07:52:47,433 [INFO] PluginManager:220 - loadIPPluginJar : add ucpd
2024-12-11 07:52:47,453 [INFO] IPUIPlugin:80 - create IPUIPlugin
2024-12-11 07:52:47,453 [INFO] PluginManager:220 - loadIPPluginJar : add usart
2024-12-11 07:52:47,458 [INFO] IPUIPlugin:80 - create IPUIPlugin
2024-12-11 07:52:47,458 [INFO] PluginManager:220 - loadIPPluginJar : add usbx
2024-12-11 07:52:47,657 [INFO] CADModel:165 - CPN selected for project level
2024-12-11 07:52:47,657 [INFO] CADModel:114 - Register for checkConnection events
2024-12-11 07:52:47,657 [FATAL] Updater:334 - Updater called before beeing initialized
2024-12-11 07:52:47,658 [ERROR] CADModel:125 - Updater not yet initialized, retry later 
2024-12-11 07:52:47,809 [INFO] CADModel:165 - CPN selected for project level
2024-12-11 07:52:47,809 [INFO] CADModel:114 - Register for checkConnection events
2024-12-11 07:52:47,809 [FATAL] Updater:334 - Updater called before beeing initialized
2024-12-11 07:52:47,809 [ERROR] CADModel:125 - Updater not yet initialized, retry later 
2024-12-11 07:52:47,814 [FATAL] Updater:334 - Updater called before beeing initialized
2024-12-11 07:52:48,001 [FATAL] Updater:334 - Updater called before beeing initialized
2024-12-11 07:52:48,007 [INFO] DbMcusAds:53 - JSON generation date=Fri Sep 20 15:04:23 CEST 2024 (1726837463113)
2024-12-11 07:52:48,007 [FATAL] Updater:334 - Updater called before beeing initialized
2024-12-11 07:52:48,057 [WARN] DetailPanel:346 - Failed to get advertising image, set to default
2024-12-11 07:52:48,179 [FATAL] Updater:334 - Updater called before beeing initialized
2024-12-11 07:52:48,181 [FATAL] Updater:334 - Updater called before beeing initialized
2024-12-11 07:52:48,181 [FATAL] Updater:334 - Updater called before beeing initialized
2024-12-11 07:52:48,182 [WARN] DetailPanel:346 - Failed to get advertising image, set to default
2024-12-11 07:52:48,183 [FATAL] Updater:334 - Updater called before beeing initialized
2024-12-11 07:52:48,286 [ERROR] Updater:1164 - MainUpdater not yet initialized. External WinMGr cannot be set.
2024-12-11 07:52:48,290 [INFO] Updater:1100 - Updater Version found : 6.12.0
2024-12-11 07:52:48,312 [INFO] ApplicationProperties:184 - Using Application install path: C:\appz\ST\STM32CubeIDE_1.10.1\STM32CubeIDE\plugins\com.st.stm32cube.common.mx_6.12.0.202406281431
2024-12-11 07:52:48,674 [INFO] MainUpdater:2873 - connection check result : 10
2024-12-11 07:52:48,675 [INFO] MainUpdater:3567 - Updater definition file requires update
2024-12-11 07:52:48,676 [INFO] MainUpdater:290 - Updater Check For Update Now.
2024-12-11 07:52:48,676 [INFO] MicroXplorer:498 - Change Database Version : DB.6.0.120
2024-12-11 07:52:48,685 [INFO] McuFinderGlobals:63 - Set McuFinder mode to 2 (CubeIDE integrated)
2024-12-11 07:52:48,686 [INFO] UserAuth:179 - activating auth plugin
2024-12-11 07:52:48,689 [INFO] UserAuth:417 - Internet connection configuration mode: 1
2024-12-11 07:52:48,708 [INFO] JxBrowserEngine:152 - Initiate JxBrowser Engine with user profile folder
2024-12-11 07:52:48,717 [INFO] ServerAccessManage:473 - Download File updaters.zip
2024-12-11 07:52:48,833 [INFO] FileExtend:240 - Unzip File : updaters.zip
2024-12-11 07:52:48,834 [INFO] FileExtend:255 - Standard Zip Deflate
2024-12-11 07:52:49,395 [INFO] ServerAccessManage:473 - Download File PacksControlFlags.xml
2024-12-11 07:52:49,531 [WARN] MainUpdater:1194 - Updater busy. Cannot search thirdparties
2024-12-11 07:52:49,531 [INFO] ThirdPartyUpdaterWithRetryManager:96 - Updater plugin is busy. [1/15]
2024-12-11 07:52:49,988 [INFO] ServerAccessManage:473 - Download File cubemx.pidx
2024-12-11 07:52:50,524 [INFO] WebApp:167 - Instantiating new browser for Auth
2024-12-11 07:52:51,072 [INFO] ServerAccessManage:473 - Download File STMicroelectronics.X-CUBE-BLEMGR.pdsc
2024-12-11 07:52:51,197 [ERROR] ServerAccessManage:1089 - Problem, file not found on Server
2024-12-11 07:52:51,617 [INFO] ServerAccessManage:473 - Download File STMicroelectronics.X-CUBE-FREERTOS.pdsc
2024-12-11 07:52:51,937 [INFO] WebApp:448 - Apply proxy settings
2024-12-11 07:52:51,938 [INFO] WebApp:533 - Chromium requires no authentication
2024-12-11 07:52:51,950 [INFO] WebApp:476 - Direct internet connection detected
2024-12-11 07:52:51,994 [INFO] WebApp:869 - Register for checkConnection events
2024-12-11 07:52:51,995 [INFO] WebApp:448 - Apply proxy settings
2024-12-11 07:52:51,995 [INFO] WebApp:533 - Chromium requires no authentication
2024-12-11 07:52:51,995 [INFO] WebApp:476 - Direct internet connection detected
2024-12-11 07:52:52,213 [INFO] WebApp:186 - Connection restablished
2024-12-11 07:52:52,549 [WARN] MainUpdater:1194 - Updater busy. Cannot search thirdparties
2024-12-11 07:52:52,554 [INFO] ThirdPartyUpdaterWithRetryManager:96 - Updater plugin is busy. [2/15]
2024-12-11 07:52:52,557 [INFO] WebApp:220 - Starting web application
2024-12-11 07:52:52,557 [INFO] WebApp:578 - Web application path used C:\appz\ST\STM32CubeIDE_1.10.1\STM32CubeIDE\plugins\com.st.stm32cube.common.mx_6.12.0.202406281431\db\plugins\mcufinder\reactClient1\index.html
2024-12-11 07:52:53,467 [WARN] PackLoader:240 - Cannot read IP mode file for STMicroelectronics.X-CUBE-BLEMGR.4.0.0
2024-12-11 07:52:53,487 [WARN] PackLoader:240 - Cannot read IP mode file for STMicroelectronics.X-CUBE-FREERTOS.1.3.0
2024-12-11 07:52:53,488 [INFO] PopulateThirdPartyThread:66 - Ending populate Thread
2024-12-11 07:52:53,489 [INFO] ThirdParty:1030 - CMSIS Pack Vendor :STMicroelectronics X-CUBE-BLEMGR 4.0.0
2024-12-11 07:52:53,490 [INFO] ThirdParty:1030 - CMSIS Pack Vendor :STMicroelectronics X-CUBE-FREERTOS 1.3.0
2024-12-11 07:52:53,490 [INFO] LoadServerUpdatesThread:375 - End of LoadServerUpdate Thread
2024-12-11 07:52:53,787 [INFO] CheckServerUpdateThread:120 - End of CheckServer Thread
2024-12-11 07:52:56,011 [WARN] PackLoader:240 - Cannot read IP mode file for STMicroelectronics.FP-SNS-MOTENVWB1.1.4.0
2024-12-11 07:52:56,019 [WARN] PackLoader:240 - Cannot read IP mode file for STMicroelectronics.FP-ATR-ASTRA1.2.0.1
2024-12-11 07:52:56,027 [WARN] PackLoader:240 - Cannot read IP mode file for STMicroelectronics.X-CUBE-SMBUS.2.1.0
2024-12-11 07:52:56,045 [WARN] PackLoader:240 - Cannot read IP mode file for STMicroelectronics.X-CUBE-WB05N.1.1.0
2024-12-11 07:52:56,071 [WARN] PackLoader:240 - Cannot read IP mode file for STMicroelectronics.X-CUBE-AZRTOS-F7.1.1.0
2024-12-11 07:52:56,174 [WARN] PackLoader:240 - Cannot read IP mode file for STMicroelectronics.X-CUBE-MEMS1.11.0.0
2024-12-11 07:52:56,390 [WARN] PackLoader:240 - Cannot read IP mode file for STMicroelectronics.FP-SNS-FLIGHT1.5.0.2
2024-12-11 07:52:56,400 [WARN] PackLoader:240 - Cannot read IP mode file for STMicroelectronics.X-CUBE-DISPLAY.3.0.0
2024-12-11 07:52:56,411 [WARN] PackLoader:240 - Cannot read IP mode file for STMicroelectronics.X-CUBE-BLE1.7.0.0
2024-12-11 07:52:56,420 [WARN] PackLoader:240 - Cannot read IP mode file for STMicroelectronics.X-CUBE-NFC10.1.0.0
2024-12-11 07:52:56,432 [WARN] PackLoader:240 - Cannot read IP mode file for STMicroelectronics.X-CUBE-BLEMGR.4.0.0
2024-12-11 07:52:56,442 [WARN] PackLoader:240 - Cannot read IP mode file for emotas.I-CUBE-CANOPEN.1.3.0
2024-12-11 07:52:56,452 [WARN] PackLoader:240 - Cannot read IP mode file for STMicroelectronics.X-CUBE-BLEMGR.3.1.0
2024-12-11 07:52:56,462 [WARN] PackLoader:240 - Cannot read IP mode file for STMicroelectronics.FP-SNS-SMARTAG2.1.2.0
2024-12-11 07:52:56,473 [INFO] LogOutputStream:77 - [STDOUT_REDIRECT] 1 : Invalid condition id : UX_CORESTACK_Condition cause : null
2024-12-11 07:52:56,474 [INFO] LogOutputStream:77 - [STDOUT_REDIRECT] 1 : Invalid condition id : UX_CORESTACK_Condition cause : null
2024-12-11 07:52:56,476 [INFO] LogOutputStream:77 - [STDOUT_REDIRECT] 1 : Invalid condition id : UX_CORESTACK_Condition cause : null
2024-12-11 07:52:56,478 [INFO] LogOutputStream:77 - [STDOUT_REDIRECT] 1 : Invalid condition id : UX_CORESTACK_Condition cause : null
2024-12-11 07:52:56,481 [INFO] LogOutputStream:77 - [STDOUT_REDIRECT] 1 : Invalid condition id : UX_CORESTACK_Condition cause : null
2024-12-11 07:52:56,484 [WARN] PackLoader:240 - Cannot read IP mode file for STMicroelectronics.X-CUBE-AZRTOS-WL.2.0.0
2024-12-11 07:52:56,491 [WARN] PackLoader:240 - Cannot read IP mode file for STMicroelectronics.FP-SNS-MOTENV1.5.0.0
2024-12-11 07:52:56,498 [WARN] PackLoader:240 - Cannot read IP mode file for wolfSSL.I-CUBE-wolfMQTT.1.19.0
2024-12-11 07:52:56,505 [WARN] PackLoader:240 - Cannot read IP mode file for WES.I-CUBE-Cesium.1.3.0
2024-12-11 07:52:56,511 [WARN] PackLoader:240 - Cannot read IP mode file for STMicroelectronics.X-CUBE-BLE2.3.3.0
2024-12-11 07:52:56,522 [WARN] PackLoader:240 - Cannot read IP mode file for STMicroelectronics.X-CUBE-NFC9.1.0.0
2024-12-11 07:52:56,531 [WARN] PackLoader:240 - Cannot read IP mode file for STMicroelectronics.X-CUBE-TCPP.4.1.0
2024-12-11 07:52:56,563 [WARN] PackLoader:240 - Cannot read IP mode file for STMicroelectronics.X-CUBE-AZRTOS-G0.1.1.0
2024-12-11 07:52:56,573 [WARN] PackLoader:240 - Cannot read IP mode file for STMicroelectronics.X-CUBE-SAFEA1.1.2.2
2024-12-11 07:52:56,582 [WARN] PackLoader:240 - Cannot read IP mode file for STMicroelectronics.X-CUBE-NFC4.3.0.0
2024-12-11 07:52:56,594 [WARN] PackLoader:240 - Cannot read IP mode file for EmbeddedOffice.I-CUBE-FS-RTOS.1.0.1
2024-12-11 07:52:56,595 [ERROR] ConditionMgr:805 - Attr not supported : Dmpu
2024-12-11 07:52:56,595 [ERROR] ConditionMgr:805 - Attr not supported : Dmpu
2024-12-11 07:52:56,595 [ERROR] ConditionMgr:805 - Attr not supported : Dmpu
2024-12-11 07:52:56,595 [ERROR] ConditionMgr:805 - Attr not supported : Dmpu
2024-12-11 07:52:56,595 [ERROR] ConditionMgr:805 - Attr not supported : Dmpu
2024-12-11 07:52:56,595 [ERROR] ConditionMgr:805 - Attr not supported : Dmpu
2024-12-11 07:52:56,595 [ERROR] ConditionMgr:805 - Attr not supported : Dmpu
2024-12-11 07:52:56,595 [ERROR] ConditionMgr:805 - Attr not supported : Dmpu
2024-12-11 07:52:56,595 [ERROR] ConditionMgr:805 - Attr not supported : Dmpu
2024-12-11 07:52:56,595 [ERROR] ConditionMgr:805 - Attr not supported : Dmpu
2024-12-11 07:52:56,597 [ERROR] ConditionMgr:805 - Attr not supported : Dmpu
2024-12-11 07:52:56,597 [ERROR] ConditionMgr:805 - Attr not supported : Dmpu
2024-12-11 07:52:56,598 [ERROR] ConditionMgr:805 - Attr not supported : Dmpu
2024-12-11 07:52:56,598 [ERROR] ConditionMgr:805 - Attr not supported : Dmpu
2024-12-11 07:52:56,598 [ERROR] ConditionMgr:805 - Attr not supported : Dmpu
2024-12-11 07:52:56,598 [ERROR] ConditionMgr:805 - Attr not supported : Dmpu
2024-12-11 07:52:56,598 [ERROR] ConditionMgr:805 - Attr not supported : Dmpu
2024-12-11 07:52:56,598 [ERROR] ConditionMgr:805 - Attr not supported : Dmpu
2024-12-11 07:52:56,598 [ERROR] ConditionMgr:805 - Attr not supported : Dmpu
2024-12-11 07:52:56,598 [ERROR] ConditionMgr:805 - Attr not supported : Dmpu
2024-12-11 07:52:56,598 [ERROR] ConditionMgr:805 - Attr not supported : Dmpu
2024-12-11 07:52:56,598 [ERROR] ConditionMgr:805 - Attr not supported : Dmpu
2024-12-11 07:52:56,598 [ERROR] ConditionMgr:805 - Attr not supported : Dmpu
2024-12-11 07:52:56,598 [ERROR] ConditionMgr:805 - Attr not supported : Dmpu
2024-12-11 07:52:56,599 [ERROR] ConditionMgr:805 - Attr not supported : Dmpu
2024-12-11 07:52:56,599 [ERROR] ConditionMgr:805 - Attr not supported : Dmpu
2024-12-11 07:52:56,599 [ERROR] ConditionMgr:805 - Attr not supported : Dmpu
2024-12-11 07:52:56,599 [ERROR] ConditionMgr:805 - Attr not supported : Dmpu
2024-12-11 07:52:56,599 [ERROR] ConditionMgr:805 - Attr not supported : Dmpu
2024-12-11 07:52:56,599 [ERROR] ConditionMgr:805 - Attr not supported : Dmpu
2024-12-11 07:52:56,599 [ERROR] ConditionMgr:805 - Attr not supported : Dmpu
2024-12-11 07:52:56,599 [ERROR] ConditionMgr:805 - Attr not supported : Dmpu
2024-12-11 07:52:56,599 [ERROR] ConditionMgr:805 - Attr not supported : Dmpu
2024-12-11 07:52:56,599 [ERROR] ConditionMgr:805 - Attr not supported : Dmpu
2024-12-11 07:52:56,599 [ERROR] ConditionMgr:805 - Attr not supported : Dmpu
2024-12-11 07:52:56,599 [ERROR] ConditionMgr:805 - Attr not supported : Dmpu
2024-12-11 07:52:56,600 [ERROR] ConditionMgr:805 - Attr not supported : Dmpu
2024-12-11 07:52:56,600 [ERROR] ConditionMgr:805 - Attr not supported : Dmpu
2024-12-11 07:52:56,600 [ERROR] ConditionMgr:805 - Attr not supported : Dmpu
2024-12-11 07:52:56,600 [ERROR] ConditionMgr:805 - Attr not supported : Dmpu
2024-12-11 07:52:56,600 [ERROR] ConditionMgr:805 - Attr not supported : Dmpu
2024-12-11 07:52:56,600 [ERROR] ConditionMgr:805 - Attr not supported : Dmpu
2024-12-11 07:52:56,600 [ERROR] ConditionMgr:805 - Attr not supported : Dmpu
2024-12-11 07:52:56,600 [ERROR] ConditionMgr:805 - Attr not supported : Dmpu
2024-12-11 07:52:56,600 [ERROR] ConditionMgr:805 - Attr not supported : Dmpu
2024-12-11 07:52:56,600 [ERROR] ConditionMgr:805 - Attr not supported : Dmpu
2024-12-11 07:52:56,600 [ERROR] ConditionMgr:805 - Attr not supported : Dmpu
2024-12-11 07:52:56,601 [ERROR] ConditionMgr:805 - Attr not supported : Dmpu
2024-12-11 07:52:56,601 [ERROR] ConditionMgr:805 - Attr not supported : Dmpu
2024-12-11 07:52:56,601 [ERROR] ConditionMgr:805 - Attr not supported : Dmpu
2024-12-11 07:52:56,601 [ERROR] ConditionMgr:805 - Attr not supported : Dmpu
2024-12-11 07:52:56,601 [ERROR] ConditionMgr:805 - Attr not supported : Dmpu
2024-12-11 07:52:56,601 [ERROR] ConditionMgr:805 - Attr not supported : Dmpu
2024-12-11 07:52:56,601 [ERROR] ConditionMgr:805 - Attr not supported : Dmpu
2024-12-11 07:52:56,601 [ERROR] ConditionMgr:805 - Attr not supported : Dmpu
2024-12-11 07:52:56,601 [ERROR] ConditionMgr:805 - Attr not supported : Dmpu
2024-12-11 07:52:56,601 [ERROR] ConditionMgr:805 - Attr not supported : Dmpu
2024-12-11 07:52:56,601 [ERROR] ConditionMgr:805 - Attr not supported : Dmpu
2024-12-11 07:52:56,601 [ERROR] ConditionMgr:805 - Attr not supported : Dmpu
2024-12-11 07:52:56,602 [ERROR] ConditionMgr:805 - Attr not supported : Dmpu
2024-12-11 07:52:56,602 [ERROR] ConditionMgr:805 - Attr not supported : Dmpu
2024-12-11 07:52:56,602 [ERROR] ConditionMgr:805 - Attr not supported : Dmpu
2024-12-11 07:52:56,602 [ERROR] ConditionMgr:805 - Attr not supported : Dmpu
2024-12-11 07:52:56,602 [ERROR] ConditionMgr:805 - Attr not supported : Dmpu
2024-12-11 07:52:56,608 [WARN] PackLoader:240 - Cannot read IP mode file for RealThread.X-CUBE-RT-Thread_Nano.4.1.1
2024-12-11 07:52:56,614 [WARN] PackLoader:240 - Cannot read IP mode file for STMicroelectronics.FP-ATR-SIGFOX1.3.2.0
2024-12-11 07:52:56,620 [WARN] PackLoader:240 - Cannot read IP mode file for wolfSSL.I-CUBE-wolfSSL.5.7.2
2024-12-11 07:52:56,625 [WARN] ConditionMgr:438 - getConditionDescription Invalid condition id : Cortex-A Device cause : null
2024-12-11 07:52:56,639 [WARN] ConditionMgr:1039 - genDependencies : Invalid condition id : Cortex-A Device cause : null
2024-12-11 07:52:56,639 [WARN] ConditionMgr:1039 - genDependencies : Invalid condition id : Cortex-A Device cause : null
2024-12-11 07:52:56,639 [WARN] ConditionMgr:1039 - genDependencies : Invalid condition id : Cortex-A Device cause : null
2024-12-11 07:52:56,646 [WARN] PackLoader:240 - Cannot read IP mode file for STMicroelectronics.X-CUBE-EEPRMA1.5.1.0
2024-12-11 07:52:56,653 [WARN] PackLoader:240 - Cannot read IP mode file for wolfSSL.I-CUBE-wolfSSL.5.7.4
2024-12-11 07:52:56,660 [WARN] PackLoader:240 - Cannot read IP mode file for ITTIA_DB.I-CUBE-ITTIADB.8.9.0
2024-12-11 07:52:56,698 [WARN] PackLoader:240 - Cannot read IP mode file for SEGGER.I-CUBE-embOS.1.3.1
2024-12-11 07:52:56,761 [WARN] PackLoader:240 - Cannot read IP mode file for STMicroelectronics.X-CUBE-ALGOBUILD.1.4.0
2024-12-11 07:52:56,767 [WARN] PackLoader:240 - Cannot read IP mode file for STMicroelectronics.X-CUBE-AI.9.1.0
2024-12-11 07:52:56,789 [WARN] PackLoader:240 - Cannot read IP mode file for STMicroelectronics.X-CUBE-AZRTOS-F4.1.1.0
2024-12-11 07:52:56,798 [WARN] PackLoader:240 - Cannot read IP mode file for STMicroelectronics.X-CUBE-ISPU.2.1.0
2024-12-11 07:52:56,806 [WARN] PackLoader:240 - Cannot read IP mode file for STMicroelectronics.X-CUBE-FREERTOS.1.2.0
2024-12-11 07:52:56,823 [WARN] PackLoader:240 - Cannot read IP mode file for STMicroelectronics.X-CUBE-AZRTOS-L5.2.0.0
2024-12-11 07:52:56,835 [WARN] PackLoader:240 - Cannot read IP mode file for STMicroelectronics.X-CUBE-NFC6.3.1.0
2024-12-11 07:52:56,843 [WARN] PackLoader:240 - Cannot read IP mode file for STMicroelectronics.X-CUBE-DPower.1.2.0
2024-12-11 07:52:56,848 [WARN] PackLoader:240 - Cannot read IP mode file for STMicroelectronics.X-CUBE-FREERTOS.1.3.0
2024-12-11 07:52:56,854 [WARN] PackLoader:240 - Cannot read IP mode file for STMicroelectronics.X-CUBE-NFC7.1.0.1
2024-12-11 07:52:56,875 [WARN] ConditionMgr:438 - getConditionDescription Invalid condition id : LAN8742 Phy interface Condition cause : null
2024-12-11 07:52:56,875 [WARN] PackLoader:240 - Cannot read IP mode file for STMicroelectronics.X-CUBE-AZRTOS-L4.2.0.0
2024-12-11 07:52:56,876 [WARN] ConditionMgr:1039 - genDependencies : Invalid condition id : LAN8742 Phy interface Condition cause : null
2024-12-11 07:52:56,877 [WARN] ConditionMgr:1039 - genDependencies : Invalid condition id : LAN8742 Phy interface Condition cause : null
2024-12-11 07:52:56,877 [WARN] ConditionMgr:1039 - genDependencies : Invalid condition id : LAN8742 Phy interface Condition cause : null
2024-12-11 07:52:56,886 [WARN] PackLoader:240 - Cannot read IP mode file for STMicroelectronics.X-CUBE-SFXS2LP1.4.0.0
2024-12-11 07:52:56,915 [WARN] PackLoader:240 - Cannot read IP mode file for STMicroelectronics.X-CUBE-AZRTOS-H7.3.3.0
2024-12-11 07:52:56,937 [WARN] PackLoader:240 - Cannot read IP mode file for STMicroelectronics.X-CUBE-IPS.3.0.0
2024-12-11 07:52:56,957 [WARN] ConditionMgr:438 - getConditionDescription Invalid condition id : UX DEVICE CLASS RTOS Condition cause : null
2024-12-11 07:52:56,958 [WARN] ConditionMgr:438 - getConditionDescription Invalid condition id : UX DEVICE CLASS RTOS Condition cause : null
2024-12-11 07:52:56,960 [WARN] PackLoader:240 - Cannot read IP mode file for STMicroelectronics.X-CUBE-AZRTOS-WB.2.0.0
2024-12-11 07:52:56,961 [WARN] ConditionMgr:1039 - genDependencies : Invalid condition id : UX DEVICE CLASS RTOS Condition cause : null
2024-12-11 07:52:56,961 [WARN] ConditionMgr:1039 - genDependencies : Invalid condition id : UX DEVICE CLASS RTOS Condition cause : null
2024-12-11 07:52:56,961 [WARN] ConditionMgr:1039 - genDependencies : Invalid condition id : UX DEVICE CLASS RTOS Condition cause : null
2024-12-11 07:52:56,962 [WARN] ConditionMgr:1039 - genDependencies : Invalid condition id : UX DEVICE CLASS RTOS Condition cause : null
2024-12-11 07:52:56,962 [WARN] ConditionMgr:1039 - genDependencies : Invalid condition id : UX DEVICE CLASS RTOS Condition cause : null
2024-12-11 07:52:56,968 [WARN] PackLoader:240 - Cannot read IP mode file for STMicroelectronics.X-CUBE-GNSS1.7.0.0
2024-12-11 07:52:56,978 [WARN] PackLoader:240 - Cannot read IP mode file for STMicroelectronics.FP-SNS-STBOX1.2.0.0
2024-12-11 07:52:56,992 [WARN] PackLoader:240 - Cannot read IP mode file for STMicroelectronics.X-CUBE-SUBG2.5.0.0
2024-12-11 07:52:57,002 [WARN] PackLoader:240 - Cannot read IP mode file for Cesanta.I-CUBE-Mongoose.7.13.0
2024-12-11 07:52:57,017 [WARN] PackLoader:240 - Cannot read IP mode file for STMicroelectronics.X-CUBE-AZRTOS-G4.2.0.0
2024-12-11 07:52:57,023 [WARN] PackLoader:240 - Cannot read IP mode file for STMicroelectronics.X-CUBE-ALS.1.0.2
2024-12-11 07:52:57,029 [WARN] PackLoader:240 - Cannot read IP mode file for STMicroelectronics.X-CUBE-TOUCHGFX.4.24.1
2024-12-11 07:52:57,036 [WARN] PackLoader:240 - Cannot read IP mode file for wolfSSL.I-CUBE-wolfTPM.3.4.0
2024-12-11 07:52:57,044 [WARN] PackLoader:240 - Cannot read IP mode file for portGmbH.I-Cube-SoM-uGOAL.1.1.0
2024-12-11 07:52:57,062 [WARN] PackLoader:240 - Cannot read IP mode file for STMicroelectronics.X-CUBE-AZRTOS-H7RS.1.0.0
2024-12-11 07:52:57,069 [WARN] PackLoader:240 - Cannot read IP mode file for STMicroelectronics.FP-ATR-ASTRA1.2.0.0
2024-12-11 07:52:57,081 [WARN] PackLoader:240 - Cannot read IP mode file for STMicroelectronics.X-CUBE-TOF1.3.4.2
2024-12-11 07:52:57,115 [WARN] PackLoader:240 - Cannot read IP mode file for Infineon.AIROC-Wi-Fi-Bluetooth-STM32.1.6.1
2024-12-11 07:52:57,123 [WARN] PackLoader:240 - Cannot read IP mode file for wolfSSL.I-CUBE-wolfSSH.1.4.17
2024-12-11 07:52:57,124 [INFO] ThirdParty:978 - Integrity check success = true
2024-12-11 07:52:57,124 [INFO] IntegrityCheckThread:100 - exiting critical section [integrity check]
2024-12-11 07:52:57,124 [INFO] IntegrityCheckThread:103 - End integrity checks thread
